<?xml version="1.0" encoding="UTF-8"?>
<!-- Generated by org.testng.reporters.JUnitXMLReporter -->
<testsuite ignored="0" hostname="Tavleens-MacBook-Pro.local" failures="0" tests="3" name="Surefire test" time="0.05" errors="0" timestamp="2022-10-27T18:56:37 EDT">
  <testcase classname="com.qa.insurance.testcases.HomePageTest" name="@BeforeMethod setUp" time="0.01">
    <failure type="java.lang.NullPointerException" message="Cannot invoke &amp;quot;String.equals(Object)&amp;quot; because &amp;quot;browserName&amp;quot; is null">
      <![CDATA[java.lang.NullPointerException: Cannot invoke "String.equals(Object)" because "browserName" is null
at com.qa.insurance.base.TestBase.initialization(TestBase.java:46)
at com.qa.insurance.testcases.HomePageTest.setUp(HomePageTest.java:36)
at java.base/java.util.ArrayList.forEach(ArrayList.java:1511)
... Removed 36 stack frames]]>
    </failure>
  </testcase> <!-- @BeforeMethod setUp -->
  <testcase classname="com.qa.insurance.testcases.HomePageTest" name="@AfterMethod tearDown" time="0.001">
    <failure type="java.lang.NullPointerException" message="Cannot invoke &amp;quot;org.openqa.selenium.WebDriver.quit()&amp;quot; because &amp;quot;com.qa.insurance.testcases.HomePageTest.driver&amp;quot; is null">
      <![CDATA[java.lang.NullPointerException: Cannot invoke "org.openqa.selenium.WebDriver.quit()" because "com.qa.insurance.testcases.HomePageTest.driver" is null
at com.qa.insurance.testcases.HomePageTest.tearDown(HomePageTest.java:86)
at java.base/java.util.ArrayList.forEach(ArrayList.java:1511)
... Removed 37 stack frames]]>
    </failure>
  </testcase> <!-- @AfterMethod tearDown -->
  <testcase classname="com.qa.insurance.testcases.HomePageTest" name="@BeforeMethod setUp" time="0.001">
    <failure type="java.lang.NullPointerException" message="Cannot invoke &amp;quot;String.equals(Object)&amp;quot; because &amp;quot;browserName&amp;quot; is null">
      <![CDATA[java.lang.NullPointerException: Cannot invoke "String.equals(Object)" because "browserName" is null
at com.qa.insurance.base.TestBase.initialization(TestBase.java:46)
at com.qa.insurance.testcases.HomePageTest.setUp(HomePageTest.java:36)
at java.base/java.util.ArrayList.forEach(ArrayList.java:1511)
... Removed 36 stack frames]]>
    </failure>
  </testcase> <!-- @BeforeMethod setUp -->
  <testcase classname="com.qa.insurance.testcases.HomePageTest" name="@AfterMethod tearDown" time="0.0">
    <failure type="java.lang.NullPointerException" message="Cannot invoke &amp;quot;org.openqa.selenium.WebDriver.quit()&amp;quot; because &amp;quot;com.qa.insurance.testcases.HomePageTest.driver&amp;quot; is null">
      <![CDATA[java.lang.NullPointerException: Cannot invoke "org.openqa.selenium.WebDriver.quit()" because "com.qa.insurance.testcases.HomePageTest.driver" is null
at com.qa.insurance.testcases.HomePageTest.tearDown(HomePageTest.java:86)
at java.base/java.util.ArrayList.forEach(ArrayList.java:1511)
... Removed 37 stack frames]]>
    </failure>
  </testcase> <!-- @AfterMethod tearDown -->
  <testcase classname="com.qa.insurance.testcases.HomePageTest" name="validateHomePageTitleTest" time="0.0">
    <skipped/>
  </testcase> <!-- validateHomePageTitleTest -->
  <testcase classname="com.qa.insurance.testcases.HomePageTest" name="validateSimulateButton" time="0.0">
    <skipped/>
  </testcase> <!-- validateSimulateButton -->
  <testcase classname="com.qa.insurance.testcases.HomePageTest" name="checkInsuranceValue" time="0.0">
    <skipped/>
  </testcase> <!-- checkInsuranceValue -->
</testsuite> <!-- Surefire test -->
