<?xml version="1.0" encoding="UTF-8"?>
<!-- Generated by org.testng.reporters.JUnitXMLReporter -->
<testsuite ignored="0" hostname="Tavleens-MacBook-Pro.local" failures="2" tests="50" name="Insurance Simulator Test" time="80.258" errors="0" timestamp="2022-10-28T18:09:46 EDT">
  <testcase classname="com.qa.insurance.testcases.HomePageTest" name="validateHomePageTitleTest" time="0.037"/>
  <testcase classname="com.qa.insurance.testcases.HomePageTest" name="validateSimulateButton" time="1.547"/>
  <testcase classname="com.qa.insurance.testcases.HomePageTest" name="checkInsuranceValue" time="7.003"/>
  <testcase classname="com.qa.insurance.testcases.HomePageTest" name="checkInsuranceValue" time="1.557"/>
  <testcase classname="com.qa.insurance.testcases.HomePageTest" name="checkInsuranceValue" time="1.305"/>
  <testcase classname="com.qa.insurance.testcases.HomePageTest" name="checkInsuranceValue" time="8.46">
    <failure type="org.openqa.selenium.NoSuchElementException" message="no such element: Unable to locate element: {&amp;quot;method&amp;quot;:&amp;quot;xpath&amp;quot;,&amp;quot;selector&amp;quot;:&amp;quot;//*[@id=&amp;quot;fee&amp;quot;]&amp;quot;}
  (Session info: chrome=107.0.5304.62)
For documentation on this error, please visit: https://selenium.dev/exceptions/#no_such_element
Build info: version: &amp;apos;4.4.0&amp;apos;, revision: &amp;apos;e5c75ed026a&amp;apos;
System info: host: &amp;apos;Tavleens-MacBook-Pro.local&amp;apos;, ip: &amp;apos;fe80:0:0:0:1ced:6f82:ee82:aac%en0&amp;apos;, os.name: &amp;apos;Mac OS X&amp;apos;, os.arch: &amp;apos;x86_64&amp;apos;, os.version: &amp;apos;12.6.1&amp;apos;, java.version: &amp;apos;17.0.4.1&amp;apos;
Driver info: org.openqa.selenium.chrome.ChromeDriver
Command: [97a393866fd009ed2eac2dd538fef931, findElement {using=xpath, value=//*[@id=&amp;quot;fee&amp;quot;]}]
Capabilities {acceptInsecureCerts: false, browserName: chrome, browserVersion: 107.0.5304.62, chrome: {chromedriverVersion: 107.0.5304.62 (1eec40d3a576..., userDataDir: /var/folders/2c/znlm_n9j0jb...}, goog:chromeOptions: {debuggerAddress: localhost:60056}, networkConnectionEnabled: false, pageLoadStrategy: normal, platformName: MAC, proxy: Proxy(), se:cdp: ws://localhost:60056/devtoo..., se:cdpVersion: 107.0.5304.62, setWindowRect: true, strictFileInteractability: false, timeouts: {implicit: 0, pageLoad: 300000, script: 30000}, unhandledPromptBehavior: dismiss and notify, webauthn:extension:credBlob: true, webauthn:extension:largeBlob: true, webauthn:virtualAuthenticators: true}
Session ID: 97a393866fd009ed2eac2dd538fef931">
      <![CDATA[org.openqa.selenium.NoSuchElementException: no such element: Unable to locate element: {"method":"xpath","selector":"//*[@id="fee"]"}
  (Session info: chrome=107.0.5304.62)
For documentation on this error, please visit: https://selenium.dev/exceptions/#no_such_element
Build info: version: '4.4.0', revision: 'e5c75ed026a'
System info: host: 'Tavleens-MacBook-Pro.local', ip: 'fe80:0:0:0:1ced:6f82:ee82:aac%en0', os.name: 'Mac OS X', os.arch: 'x86_64', os.version: '12.6.1', java.version: '17.0.4.1'
Driver info: org.openqa.selenium.chrome.ChromeDriver
Command: [97a393866fd009ed2eac2dd538fef931, findElement {using=xpath, value=//*[@id="fee"]}]
Capabilities {acceptInsecureCerts: false, browserName: chrome, browserVersion: 107.0.5304.62, chrome: {chromedriverVersion: 107.0.5304.62 (1eec40d3a576..., userDataDir: /var/folders/2c/znlm_n9j0jb...}, goog:chromeOptions: {debuggerAddress: localhost:60056}, networkConnectionEnabled: false, pageLoadStrategy: normal, platformName: MAC, proxy: Proxy(), se:cdp: ws://localhost:60056/devtoo..., se:cdpVersion: 107.0.5304.62, setWindowRect: true, strictFileInteractability: false, timeouts: {implicit: 0, pageLoad: 300000, script: 30000}, unhandledPromptBehavior: dismiss and notify, webauthn:extension:credBlob: true, webauthn:extension:largeBlob: true, webauthn:virtualAuthenticators: true}
Session ID: 97a393866fd009ed2eac2dd538fef931
at org.openqa.selenium.remote.codec.w3c.W3CHttpResponseCodec.createException(W3CHttpResponseCodec.java:200)
at org.openqa.selenium.remote.codec.w3c.W3CHttpResponseCodec.decode(W3CHttpResponseCodec.java:133)
at org.openqa.selenium.remote.codec.w3c.W3CHttpResponseCodec.decode(W3CHttpResponseCodec.java:53)
at org.openqa.selenium.remote.HttpCommandExecutor.execute(HttpCommandExecutor.java:184)
at org.openqa.selenium.remote.service.DriverCommandExecutor.invokeExecute(DriverCommandExecutor.java:167)
at org.openqa.selenium.remote.service.DriverCommandExecutor.execute(DriverCommandExecutor.java:142)
at org.openqa.selenium.remote.RemoteWebDriver.execute(RemoteWebDriver.java:547)
at org.openqa.selenium.remote.ElementLocation$ElementFinder$2.findElement(ElementLocation.java:162)
at org.openqa.selenium.remote.ElementLocation.findElement(ElementLocation.java:60)
at org.openqa.selenium.remote.RemoteWebDriver.findElement(RemoteWebDriver.java:365)
at org.openqa.selenium.remote.RemoteWebDriver.findElement(RemoteWebDriver.java:357)
at org.openqa.selenium.support.pagefactory.DefaultElementLocator.findElement(DefaultElementLocator.java:70)
at org.openqa.selenium.support.pagefactory.internal.LocatingElementHandler.invoke(LocatingElementHandler.java:39)
at jdk.proxy2/jdk.proxy2.$Proxy18.isDisplayed(Unknown Source)
at com.qa.insurance.pages.HomePage.getInfo(HomePage.java:183)
at com.qa.insurance.testcases.HomePageTest.checkInsuranceValue(HomePageTest.java:79)
at java.base/java.util.concurrent.ThreadPoolExecutor.runWorker(ThreadPoolExecutor.java:1136)
at java.base/java.util.concurrent.ThreadPoolExecutor$Worker.run(ThreadPoolExecutor.java:635)
at java.base/java.lang.Thread.run(Thread.java:833)
... Removed 17 stack frames]]>
    </failure>
  </testcase> <!-- checkInsuranceValue -->
  <testcase classname="com.qa.insurance.testcases.HomePageTest" name="checkInsuranceValue" time="8.519">
    <failure type="org.openqa.selenium.NoSuchElementException" message="no such element: Unable to locate element: {&amp;quot;method&amp;quot;:&amp;quot;xpath&amp;quot;,&amp;quot;selector&amp;quot;:&amp;quot;//*[@id=&amp;quot;fee&amp;quot;]&amp;quot;}
  (Session info: chrome=107.0.5304.62)
For documentation on this error, please visit: https://selenium.dev/exceptions/#no_such_element
Build info: version: &amp;apos;4.4.0&amp;apos;, revision: &amp;apos;e5c75ed026a&amp;apos;
System info: host: &amp;apos;Tavleens-MacBook-Pro.local&amp;apos;, ip: &amp;apos;fe80:0:0:0:1ced:6f82:ee82:aac%en0&amp;apos;, os.name: &amp;apos;Mac OS X&amp;apos;, os.arch: &amp;apos;x86_64&amp;apos;, os.version: &amp;apos;12.6.1&amp;apos;, java.version: &amp;apos;17.0.4.1&amp;apos;
Driver info: org.openqa.selenium.chrome.ChromeDriver
Command: [97a393866fd009ed2eac2dd538fef931, findElement {using=xpath, value=//*[@id=&amp;quot;fee&amp;quot;]}]
Capabilities {acceptInsecureCerts: false, browserName: chrome, browserVersion: 107.0.5304.62, chrome: {chromedriverVersion: 107.0.5304.62 (1eec40d3a576..., userDataDir: /var/folders/2c/znlm_n9j0jb...}, goog:chromeOptions: {debuggerAddress: localhost:60056}, networkConnectionEnabled: false, pageLoadStrategy: normal, platformName: MAC, proxy: Proxy(), se:cdp: ws://localhost:60056/devtoo..., se:cdpVersion: 107.0.5304.62, setWindowRect: true, strictFileInteractability: false, timeouts: {implicit: 0, pageLoad: 300000, script: 30000}, unhandledPromptBehavior: dismiss and notify, webauthn:extension:credBlob: true, webauthn:extension:largeBlob: true, webauthn:virtualAuthenticators: true}
Session ID: 97a393866fd009ed2eac2dd538fef931">
      <![CDATA[org.openqa.selenium.NoSuchElementException: no such element: Unable to locate element: {"method":"xpath","selector":"//*[@id="fee"]"}
  (Session info: chrome=107.0.5304.62)
For documentation on this error, please visit: https://selenium.dev/exceptions/#no_such_element
Build info: version: '4.4.0', revision: 'e5c75ed026a'
System info: host: 'Tavleens-MacBook-Pro.local', ip: 'fe80:0:0:0:1ced:6f82:ee82:aac%en0', os.name: 'Mac OS X', os.arch: 'x86_64', os.version: '12.6.1', java.version: '17.0.4.1'
Driver info: org.openqa.selenium.chrome.ChromeDriver
Command: [97a393866fd009ed2eac2dd538fef931, findElement {using=xpath, value=//*[@id="fee"]}]
Capabilities {acceptInsecureCerts: false, browserName: chrome, browserVersion: 107.0.5304.62, chrome: {chromedriverVersion: 107.0.5304.62 (1eec40d3a576..., userDataDir: /var/folders/2c/znlm_n9j0jb...}, goog:chromeOptions: {debuggerAddress: localhost:60056}, networkConnectionEnabled: false, pageLoadStrategy: normal, platformName: MAC, proxy: Proxy(), se:cdp: ws://localhost:60056/devtoo..., se:cdpVersion: 107.0.5304.62, setWindowRect: true, strictFileInteractability: false, timeouts: {implicit: 0, pageLoad: 300000, script: 30000}, unhandledPromptBehavior: dismiss and notify, webauthn:extension:credBlob: true, webauthn:extension:largeBlob: true, webauthn:virtualAuthenticators: true}
Session ID: 97a393866fd009ed2eac2dd538fef931
at org.openqa.selenium.remote.codec.w3c.W3CHttpResponseCodec.createException(W3CHttpResponseCodec.java:200)
at org.openqa.selenium.remote.codec.w3c.W3CHttpResponseCodec.decode(W3CHttpResponseCodec.java:133)
at org.openqa.selenium.remote.codec.w3c.W3CHttpResponseCodec.decode(W3CHttpResponseCodec.java:53)
at org.openqa.selenium.remote.HttpCommandExecutor.execute(HttpCommandExecutor.java:184)
at org.openqa.selenium.remote.service.DriverCommandExecutor.invokeExecute(DriverCommandExecutor.java:167)
at org.openqa.selenium.remote.service.DriverCommandExecutor.execute(DriverCommandExecutor.java:142)
at org.openqa.selenium.remote.RemoteWebDriver.execute(RemoteWebDriver.java:547)
at org.openqa.selenium.remote.ElementLocation$ElementFinder$2.findElement(ElementLocation.java:162)
at org.openqa.selenium.remote.ElementLocation.findElement(ElementLocation.java:60)
at org.openqa.selenium.remote.RemoteWebDriver.findElement(RemoteWebDriver.java:365)
at org.openqa.selenium.remote.RemoteWebDriver.findElement(RemoteWebDriver.java:357)
at org.openqa.selenium.support.pagefactory.DefaultElementLocator.findElement(DefaultElementLocator.java:70)
at org.openqa.selenium.support.pagefactory.internal.LocatingElementHandler.invoke(LocatingElementHandler.java:39)
at jdk.proxy2/jdk.proxy2.$Proxy18.isDisplayed(Unknown Source)
at com.qa.insurance.pages.HomePage.getInfo(HomePage.java:183)
at com.qa.insurance.testcases.HomePageTest.checkInsuranceValue(HomePageTest.java:79)
at java.base/java.util.concurrent.ThreadPoolExecutor.runWorker(ThreadPoolExecutor.java:1136)
at java.base/java.util.concurrent.ThreadPoolExecutor$Worker.run(ThreadPoolExecutor.java:635)
at java.base/java.lang.Thread.run(Thread.java:833)
... Removed 17 stack frames]]>
    </failure>
  </testcase> <!-- checkInsuranceValue -->
  <testcase classname="com.qa.insurance.testcases.HomePageTest" name="checkInsuranceValue" time="1.492"/>
  <testcase classname="com.qa.insurance.testcases.HomePageTest" name="checkInsuranceValue" time="1.262"/>
  <testcase classname="com.qa.insurance.testcases.HomePageTest" name="checkInsuranceValue" time="1.141"/>
  <testcase classname="com.qa.insurance.testcases.HomePageTest" name="checkInsuranceValue" time="1.156"/>
  <testcase classname="com.qa.insurance.testcases.HomePageTest" name="checkInsuranceValue" time="1.307"/>
  <testcase classname="com.qa.insurance.testcases.HomePageTest" name="checkInsuranceValue" time="1.059"/>
  <testcase classname="com.qa.insurance.testcases.HomePageTest" name="checkInsuranceValue" time="1.257"/>
  <testcase classname="com.qa.insurance.testcases.HomePageTest" name="checkInsuranceValue" time="1.048"/>
  <testcase classname="com.qa.insurance.testcases.HomePageTest" name="checkInsuranceValue" time="1.111"/>
  <testcase classname="com.qa.insurance.testcases.HomePageTest" name="checkInsuranceValue" time="1.152"/>
  <testcase classname="com.qa.insurance.testcases.HomePageTest" name="checkInsuranceValue" time="1.018"/>
  <testcase classname="com.qa.insurance.testcases.HomePageTest" name="checkInsuranceValue" time="1.217"/>
  <testcase classname="com.qa.insurance.testcases.HomePageTest" name="checkInsuranceValue" time="1.197"/>
  <testcase classname="com.qa.insurance.testcases.HomePageTest" name="checkInsuranceValue" time="1.539"/>
  <testcase classname="com.qa.insurance.testcases.HomePageTest" name="checkInsuranceValue" time="1.151"/>
  <testcase classname="com.qa.insurance.testcases.HomePageTest" name="checkInsuranceValue" time="1.163"/>
  <testcase classname="com.qa.insurance.testcases.HomePageTest" name="checkInsuranceValue" time="1.063"/>
  <testcase classname="com.qa.insurance.testcases.HomePageTest" name="checkInsuranceValue" time="1.05"/>
  <testcase classname="com.qa.insurance.testcases.HomePageTest" name="checkInsuranceValue" time="1.414"/>
  <testcase classname="com.qa.insurance.testcases.HomePageTest" name="checkInsuranceValue" time="1.851"/>
  <testcase classname="com.qa.insurance.testcases.HomePageTest" name="checkInsuranceValue" time="1.194"/>
  <testcase classname="com.qa.insurance.testcases.HomePageTest" name="checkInsuranceValue" time="0.897"/>
  <testcase classname="com.qa.insurance.testcases.HomePageTest" name="checkInsuranceValue" time="1.079"/>
  <testcase classname="com.qa.insurance.testcases.HomePageTest" name="checkInsuranceValue" time="1.258"/>
  <testcase classname="com.qa.insurance.testcases.HomePageTest" name="checkInsuranceValue" time="1.005"/>
  <testcase classname="com.qa.insurance.testcases.HomePageTest" name="checkInsuranceValue" time="1.078"/>
  <testcase classname="com.qa.insurance.testcases.HomePageTest" name="checkInsuranceValue" time="1.016"/>
  <testcase classname="com.qa.insurance.testcases.HomePageTest" name="checkInsuranceValue" time="1.049"/>
  <testcase classname="com.qa.insurance.testcases.HomePageTest" name="checkInsuranceValue" time="1.073"/>
  <testcase classname="com.qa.insurance.testcases.HomePageTest" name="checkInsuranceValue" time="1.047"/>
  <testcase classname="com.qa.insurance.testcases.HomePageTest" name="checkInsuranceValue" time="1.336"/>
  <testcase classname="com.qa.insurance.testcases.HomePageTest" name="checkInsuranceValue" time="1.158"/>
  <testcase classname="com.qa.insurance.testcases.HomePageTest" name="checkInsuranceValue" time="1.088"/>
  <testcase classname="com.qa.insurance.testcases.HomePageTest" name="checkInsuranceValue" time="1.026"/>
  <testcase classname="com.qa.insurance.testcases.HomePageTest" name="checkInsuranceValue" time="1.125"/>
  <testcase classname="com.qa.insurance.testcases.HomePageTest" name="checkInsuranceValue" time="1.037"/>
  <testcase classname="com.qa.insurance.testcases.HomePageTest" name="checkInsuranceValue" time="1.714"/>
  <testcase classname="com.qa.insurance.testcases.HomePageTest" name="checkInsuranceValue" time="1.043"/>
  <testcase classname="com.qa.insurance.testcases.HomePageTest" name="checkInsuranceValue" time="1.637"/>
  <testcase classname="com.qa.insurance.testcases.HomePageTest" name="checkInsuranceValue" time="1.083"/>
  <testcase classname="com.qa.insurance.testcases.HomePageTest" name="checkInsuranceValue" time="1.014"/>
  <testcase classname="com.qa.insurance.testcases.HomePageTest" name="checkInsuranceValue" time="0.877"/>
  <testcase classname="com.qa.insurance.testcases.HomePageTest" name="checkInsuranceValue" time="0.974"/>
</testsuite> <!-- Insurance Simulator Test -->
