<?xml version="1.0" encoding="UTF-8"?>
<testsuite xmlns:xsi="http://www.w3.org/2001/XMLSchema-instance" xsi:noNamespaceSchemaLocation="https://maven.apache.org/surefire/maven-surefire-plugin/xsd/surefire-test-report.xsd" name="com.qa.insurance.testcases.HomePageTest" time="0.73" tests="7" errors="0" skipped="3" failures="4">
  <properties>
[...]
</properties>
  <testcase name="setUp" classname="com.qa.insurance.testcases.HomePageTest" time="0.415">
    <failure message="Cannot invoke &quot;String.equals(Object)&quot; because &quot;browserName&quot; is null" type="java.lang.NullPointerException">java.lang.NullPointerException: Cannot invoke "String.equals(Object)" because "browserName" is null
	at com.qa.insurance.testcases.HomePageTest.setUp(HomePageTest.java:36)
</failure>
    <system-out><![CDATA[Set Up suite
10-27-2022 18:56:37 HomePageTest.java INFO  [main] base.TestBase 35 - Set up in being initialized
]]></system-out>
    <system-err><![CDATA[java.io.FileNotFoundException: /Users/tavleenkour/eclipse-workspace/InsuranceTest/src/main/java/com/insurance/qa/config/config.properties (No such file or directory)
	at java.base/java.io.FileInputStream.open0(Native Method)
	at java.base/java.io.FileInputStream.open(FileInputStream.java:216)
	at java.base/java.io.FileInputStream.<init>(FileInputStream.java:157)
	at java.base/java.io.FileInputStream.<init>(FileInputStream.java:111)
	at com.qa.insurance.base.TestBase.<init>(TestBase.java:27)
	at com.qa.insurance.testcases.HomePageTest.<init>(HomePageTest.java:27)
	at java.base/jdk.internal.reflect.NativeConstructorAccessorImpl.newInstance0(Native Method)
	at java.base/jdk.internal.reflect.NativeConstructorAccessorImpl.newInstance(NativeConstructorAccessorImpl.java:77)
	at java.base/jdk.internal.reflect.DelegatingConstructorAccessorImpl.newInstance(DelegatingConstructorAccessorImpl.java:45)
	at java.base/java.lang.reflect.Constructor.newInstanceWithCaller(Constructor.java:499)
	at java.base/java.lang.reflect.Constructor.newInstance(Constructor.java:480)
	at org.testng.internal.ObjectFactoryImpl.newInstance(ObjectFactoryImpl.java:23)
	at org.testng.internal.InstanceCreator.instantiateUsingDefaultConstructor(InstanceCreator.java:193)
	at org.testng.internal.InstanceCreator.createInstanceUsingObjectFactory(InstanceCreator.java:113)
	at org.testng.internal.InstanceCreator.createInstance(InstanceCreator.java:79)
	at org.testng.internal.ClassImpl.getDefaultInstance(ClassImpl.java:114)
	at org.testng.internal.ClassImpl.getInstances(ClassImpl.java:172)
	at org.testng.TestClass.getInstances(TestClass.java:102)
	at org.testng.TestClass.initTestClassesAndInstances(TestClass.java:82)
	at org.testng.TestClass.init(TestClass.java:74)
	at org.testng.TestClass.<init>(TestClass.java:39)
	at org.testng.TestRunner.initMethods(TestRunner.java:463)
	at org.testng.TestRunner.init(TestRunner.java:342)
	at org.testng.TestRunner.init(TestRunner.java:295)
	at org.testng.TestRunner.<init>(TestRunner.java:181)
	at org.testng.SuiteRunner$DefaultTestRunnerFactory.newTestRunner(SuiteRunner.java:618)
	at org.testng.SuiteRunner.init(SuiteRunner.java:196)
	at org.testng.SuiteRunner.<init>(SuiteRunner.java:127)
	at org.testng.TestNG.createSuiteRunner(TestNG.java:1265)
	at org.testng.TestNG.createSuiteRunners(TestNG.java:1244)
	at org.testng.TestNG.runSuitesLocally(TestNG.java:1093)
	at org.testng.TestNG.runSuites(TestNG.java:1032)
	at org.testng.TestNG.run(TestNG.java:1000)
	at org.apache.maven.surefire.testng.TestNGExecutor.run(TestNGExecutor.java:135)
	at org.apache.maven.surefire.testng.TestNGDirectoryTestSuite.executeSingleClass(TestNGDirectoryTestSuite.java:112)
	at org.apache.maven.surefire.testng.TestNGDirectoryTestSuite.execute(TestNGDirectoryTestSuite.java:99)
	at org.apache.maven.surefire.testng.TestNGProvider.invoke(TestNGProvider.java:146)
	at org.apache.maven.surefire.booter.ForkedBooter.invokeProviderInSameClassLoader(ForkedBooter.java:384)
	at org.apache.maven.surefire.booter.ForkedBooter.runSuitesInProcess(ForkedBooter.java:345)
	at org.apache.maven.surefire.booter.ForkedBooter.execute(ForkedBooter.java:126)
	at org.apache.maven.surefire.booter.ForkedBooter.main(ForkedBooter.java:418)
]]></system-err>
  </testcase>
  <testcase name="setUp" classname="com.qa.insurance.testcases.HomePageTest" time="0">
    <failure message="Cannot invoke &quot;String.equals(Object)&quot; because &quot;browserName&quot; is null" type="java.lang.NullPointerException">java.lang.NullPointerException: Cannot invoke "String.equals(Object)" because "browserName" is null
	at com.qa.insurance.testcases.HomePageTest.setUp(HomePageTest.java:36)
</failure>
    <system-out><![CDATA[Set Up suite
10-27-2022 18:56:37 HomePageTest.java INFO  [main] base.TestBase 35 - Set up in being initialized
]]></system-out>
  </testcase>
  <testcase name="validateHomePageTitleTest" classname="com.qa.insurance.testcases.HomePageTest" time="0">
    <skipped message="Cannot invoke &quot;String.equals(Object)&quot; because &quot;browserName&quot; is null"/>
  </testcase>
  <testcase name="tearDown" classname="com.qa.insurance.testcases.HomePageTest" time="0">
    <failure message="Cannot invoke &quot;org.openqa.selenium.WebDriver.quit()&quot; because &quot;com.qa.insurance.testcases.HomePageTest.driver&quot; is null" type="java.lang.NullPointerException">java.lang.NullPointerException: Cannot invoke "org.openqa.selenium.WebDriver.quit()" because "com.qa.insurance.testcases.HomePageTest.driver" is null
	at com.qa.insurance.testcases.HomePageTest.tearDown(HomePageTest.java:86)
</failure>
  </testcase>
  <testcase name="tearDown" classname="com.qa.insurance.testcases.HomePageTest" time="0">
    <failure message="Cannot invoke &quot;org.openqa.selenium.WebDriver.quit()&quot; because &quot;com.qa.insurance.testcases.HomePageTest.driver&quot; is null" type="java.lang.NullPointerException">java.lang.NullPointerException: Cannot invoke "org.openqa.selenium.WebDriver.quit()" because "com.qa.insurance.testcases.HomePageTest.driver" is null
	at com.qa.insurance.testcases.HomePageTest.tearDown(HomePageTest.java:86)
</failure>
  </testcase>
  <testcase name="validateSimulateButton" classname="com.qa.insurance.testcases.HomePageTest" time="0">
    <skipped message="Cannot invoke &quot;String.equals(Object)&quot; because &quot;browserName&quot; is null"/>
  </testcase>
  <testcase name="checkInsuranceValue" classname="com.qa.insurance.testcases.HomePageTest" time="0">
    <skipped message="Method HomePageTest.checkInsuranceValue(java.lang.String, java.lang.String, java.lang.String, java.lang.String, java.lang.String, java.lang.String, java.lang.String, java.lang.String, java.lang.String, java.lang.String, java.lang.String)[pri:3, instance:com.qa.insurance.testcases.HomePageTest@313b2ea6] depends on not successfully finished methods"/>
  </testcase>
</testsuite>