<?xml version="1.0" encoding="UTF-8"?>
<testng-results ignored="0" total="50" passed="48" failed="2" skipped="0">
  <reporter-output>
  </reporter-output>
  <suite started-at="2022-10-27T23:24:47 EDT" name="Insurance Simulator Regression Suite" finished-at="2022-10-27T23:25:48 EDT" duration-ms="60572">
    <groups>
      <group name="Functional">
        <method signature="HomePageTest.validateHomePageTitleTest()[pri:1, instance:com.qa.insurance.testcases.HomePageTest@43015c69]" name="validateHomePageTitleTest" class="com.qa.insurance.testcases.HomePageTest"/>
      </group> <!-- Functional -->
      <group name="Regression">
        <method signature="HomePageTest.validateSimulateButton()[pri:2, instance:com.qa.insurance.testcases.HomePageTest@43015c69]" name="validateSimulateButton" class="com.qa.insurance.testcases.HomePageTest"/>
        <method signature="HomePageTest.checkInsuranceValue(java.lang.String, java.lang.String, java.lang.String, java.lang.String, java.lang.String, java.lang.String, java.lang.String, java.lang.String, java.lang.String, java.lang.String, java.lang.String)[pri:3, instance:com.qa.insurance.testcases.HomePageTest@43015c69]" name="checkInsuranceValue" class="com.qa.insurance.testcases.HomePageTest"/>
      </group> <!-- Regression -->
    </groups>
    <test started-at="2022-10-27T23:24:47 EDT" name="Insurance Simulator Test" finished-at="2022-10-27T23:25:48 EDT" duration-ms="60572">
      <class name="com.qa.insurance.testcases.HomePageTest">
        <test-method is-config="true" signature="setUp()[pri:0, instance:com.qa.insurance.testcases.HomePageTest@43015c69]" started-at="2022-10-27T23:24:40 EDT" name="setUp" finished-at="2022-10-27T23:24:47 EDT" duration-ms="7201" status="PASS">
          <reporter-output>
          </reporter-output>
        </test-method> <!-- setUp -->
        <test-method signature="validateHomePageTitleTest()[pri:1, instance:com.qa.insurance.testcases.HomePageTest@43015c69]" started-at="2022-10-27T23:24:47 EDT" name="validateHomePageTitleTest" finished-at="2022-10-27T23:24:47 EDT" duration-ms="38" status="PASS">
          <reporter-output>
          </reporter-output>
        </test-method> <!-- validateHomePageTitleTest -->
        <test-method signature="validateSimulateButton()[pri:2, instance:com.qa.insurance.testcases.HomePageTest@43015c69]" started-at="2022-10-27T23:24:47 EDT" name="validateSimulateButton" finished-at="2022-10-27T23:24:47 EDT" duration-ms="218" status="PASS">
          <reporter-output>
          </reporter-output>
        </test-method> <!-- validateSimulateButton -->
        <test-method signature="checkInsuranceValue(java.lang.String, java.lang.String, java.lang.String, java.lang.String, java.lang.String, java.lang.String, java.lang.String, java.lang.String, java.lang.String, java.lang.String, java.lang.String)[pri:3, instance:com.qa.insurance.testcases.HomePageTest@43015c69]" started-at="2022-10-27T23:24:48 EDT" name="checkInsuranceValue" data-provider="getInsuranceTestData" finished-at="2022-10-27T23:24:54 EDT" depends-on-methods="com.qa.insurance.testcases.HomePageTest.validateSimulateButton" duration-ms="5814" status="PASS">
          <params>
            <param index="0">
              <value>
                <![CDATA[Mercedes Benz]]>
              </value>
            </param>
            <param index="1">
              <value>
                <![CDATA[Class A]]>
              </value>
            </param>
            <param index="2">
              <value>
                <![CDATA[Petrol]]>
              </value>
            </param>
            <param index="3">
              <value>
                <![CDATA[FALSE]]>
              </value>
            </param>
            <param index="4">
              <value>
                <![CDATA[2012.0]]>
              </value>
            </param>
            <param index="5">
              <value>
                <![CDATA[Tavleen Kour]]>
              </value>
            </param>
            <param index="6">
              <value>
                <![CDATA[22-Nov-2006]]>
              </value>
            </param>
            <param index="7">
              <value>
                <![CDATA[10004.0]]>
              </value>
            </param>
            <param index="8">
              <value>
                <![CDATA[2.0]]>
              </value>
            </param>
            <param index="9">
              <value>
                <![CDATA[FALSE]]>
              </value>
            </param>
            <param index="10">
              <value>
                <![CDATA[TRUE]]>
              </value>
            </param>
          </params>
          <reporter-output>
          </reporter-output>
        </test-method> <!-- checkInsuranceValue -->
        <test-method signature="checkInsuranceValue(java.lang.String, java.lang.String, java.lang.String, java.lang.String, java.lang.String, java.lang.String, java.lang.String, java.lang.String, java.lang.String, java.lang.String, java.lang.String)[pri:3, instance:com.qa.insurance.testcases.HomePageTest@43015c69]" started-at="2022-10-27T23:24:54 EDT" name="checkInsuranceValue" data-provider="getInsuranceTestData" finished-at="2022-10-27T23:24:56 EDT" depends-on-methods="com.qa.insurance.testcases.HomePageTest.validateSimulateButton" duration-ms="1935" status="PASS">
          <params>
            <param index="0">
              <value>
                <![CDATA[Mercedes Benz]]>
              </value>
            </param>
            <param index="1">
              <value>
                <![CDATA[Class A]]>
              </value>
            </param>
            <param index="2">
              <value>
                <![CDATA[Petrol]]>
              </value>
            </param>
            <param index="3">
              <value>
                <![CDATA[FALSE]]>
              </value>
            </param>
            <param index="4">
              <value>
                <![CDATA[2013.0]]>
              </value>
            </param>
            <param index="5">
              <value>
                <![CDATA[Tavleen Kour]]>
              </value>
            </param>
            <param index="6">
              <value>
                <![CDATA[22-Nov-2006]]>
              </value>
            </param>
            <param index="7">
              <value>
                <![CDATA[10004.0]]>
              </value>
            </param>
            <param index="8">
              <value>
                <![CDATA[2.0]]>
              </value>
            </param>
            <param index="9">
              <value>
                <![CDATA[FALSE]]>
              </value>
            </param>
            <param index="10">
              <value>
                <![CDATA[TRUE]]>
              </value>
            </param>
          </params>
          <reporter-output>
          </reporter-output>
        </test-method> <!-- checkInsuranceValue -->
        <test-method signature="checkInsuranceValue(java.lang.String, java.lang.String, java.lang.String, java.lang.String, java.lang.String, java.lang.String, java.lang.String, java.lang.String, java.lang.String, java.lang.String, java.lang.String)[pri:3, instance:com.qa.insurance.testcases.HomePageTest@43015c69]" started-at="2022-10-27T23:24:56 EDT" name="checkInsuranceValue" data-provider="getInsuranceTestData" finished-at="2022-10-27T23:24:57 EDT" depends-on-methods="com.qa.insurance.testcases.HomePageTest.validateSimulateButton" duration-ms="1149" status="PASS">
          <params>
            <param index="0">
              <value>
                <![CDATA[Mercedes Benz]]>
              </value>
            </param>
            <param index="1">
              <value>
                <![CDATA[Class A]]>
              </value>
            </param>
            <param index="2">
              <value>
                <![CDATA[Petrol]]>
              </value>
            </param>
            <param index="3">
              <value>
                <![CDATA[FALSE]]>
              </value>
            </param>
            <param index="4">
              <value>
                <![CDATA[2014.0]]>
              </value>
            </param>
            <param index="5">
              <value>
                <![CDATA[Tavleen Kour]]>
              </value>
            </param>
            <param index="6">
              <value>
                <![CDATA[22-Nov-2006]]>
              </value>
            </param>
            <param index="7">
              <value>
                <![CDATA[10004.0]]>
              </value>
            </param>
            <param index="8">
              <value>
                <![CDATA[2.0]]>
              </value>
            </param>
            <param index="9">
              <value>
                <![CDATA[FALSE]]>
              </value>
            </param>
            <param index="10">
              <value>
                <![CDATA[TRUE]]>
              </value>
            </param>
          </params>
          <reporter-output>
          </reporter-output>
        </test-method> <!-- checkInsuranceValue -->
        <test-method signature="checkInsuranceValue(java.lang.String, java.lang.String, java.lang.String, java.lang.String, java.lang.String, java.lang.String, java.lang.String, java.lang.String, java.lang.String, java.lang.String, java.lang.String)[pri:3, instance:com.qa.insurance.testcases.HomePageTest@43015c69]" started-at="2022-10-27T23:24:57 EDT" name="checkInsuranceValue" data-provider="getInsuranceTestData" finished-at="2022-10-27T23:25:05 EDT" depends-on-methods="com.qa.insurance.testcases.HomePageTest.validateSimulateButton" duration-ms="8184" status="FAIL">
          <params>
            <param index="0">
              <value>
                <![CDATA[Mercedes Benz]]>
              </value>
            </param>
            <param index="1">
              <value>
                <![CDATA[Class A]]>
              </value>
            </param>
            <param index="2">
              <value>
                <![CDATA[Petrol]]>
              </value>
            </param>
            <param index="3">
              <value>
                <![CDATA[FALSE]]>
              </value>
            </param>
            <param index="4">
              <value>
                <![CDATA[1800.0]]>
              </value>
            </param>
            <param index="5">
              <value>
                <![CDATA[Tavleen Kour]]>
              </value>
            </param>
            <param index="6">
              <value>
                <![CDATA[08-Apr-2002]]>
              </value>
            </param>
            <param index="7">
              <value>
                <![CDATA[10010.0]]>
              </value>
            </param>
            <param index="8">
              <value>
                <![CDATA[5.0]]>
              </value>
            </param>
            <param index="9">
              <value>
                <![CDATA[FALSE]]>
              </value>
            </param>
            <param index="10">
              <value>
                <![CDATA[TRUE]]>
              </value>
            </param>
          </params>
          <exception class="org.openqa.selenium.NoSuchElementException">
            <message>
              <![CDATA[no such element: Unable to locate element: {"method":"xpath","selector":"//*[@id="fee"]"}
  (Session info: chrome=107.0.5304.62)
For documentation on this error, please visit: https://selenium.dev/exceptions/#no_such_element
Build info: version: '4.4.0', revision: 'e5c75ed026a'
System info: host: 'Tavleens-MacBook-Pro.local', ip: 'fe80:0:0:0:4b:2dac:128e:9009%en0', os.name: 'Mac OS X', os.arch: 'x86_64', os.version: '12.6.1', java.version: '17.0.4.1'
Driver info: org.openqa.selenium.chrome.ChromeDriver
Command: [3c81d4f155c13ce1856c022c6c4dc8cc, findElement {using=xpath, value=//*[@id="fee"]}]
Capabilities {acceptInsecureCerts: false, browserName: chrome, browserVersion: 107.0.5304.62, chrome: {chromedriverVersion: 107.0.5304.62 (1eec40d3a576..., userDataDir: /var/folders/2c/znlm_n9j0jb...}, goog:chromeOptions: {debuggerAddress: localhost:65211}, networkConnectionEnabled: false, pageLoadStrategy: normal, platformName: MAC, proxy: Proxy(), se:cdp: ws://localhost:65211/devtoo..., se:cdpVersion: 107.0.5304.62, setWindowRect: true, strictFileInteractability: false, timeouts: {implicit: 0, pageLoad: 300000, script: 30000}, unhandledPromptBehavior: dismiss and notify, webauthn:extension:credBlob: true, webauthn:extension:largeBlob: true, webauthn:virtualAuthenticators: true}
Session ID: 3c81d4f155c13ce1856c022c6c4dc8cc]]>
            </message>
            <full-stacktrace>
              <![CDATA[org.openqa.selenium.NoSuchElementException: no such element: Unable to locate element: {"method":"xpath","selector":"//*[@id="fee"]"}
  (Session info: chrome=107.0.5304.62)
For documentation on this error, please visit: https://selenium.dev/exceptions/#no_such_element
Build info: version: '4.4.0', revision: 'e5c75ed026a'
System info: host: 'Tavleens-MacBook-Pro.local', ip: 'fe80:0:0:0:4b:2dac:128e:9009%en0', os.name: 'Mac OS X', os.arch: 'x86_64', os.version: '12.6.1', java.version: '17.0.4.1'
Driver info: org.openqa.selenium.chrome.ChromeDriver
Command: [3c81d4f155c13ce1856c022c6c4dc8cc, findElement {using=xpath, value=//*[@id="fee"]}]
Capabilities {acceptInsecureCerts: false, browserName: chrome, browserVersion: 107.0.5304.62, chrome: {chromedriverVersion: 107.0.5304.62 (1eec40d3a576..., userDataDir: /var/folders/2c/znlm_n9j0jb...}, goog:chromeOptions: {debuggerAddress: localhost:65211}, networkConnectionEnabled: false, pageLoadStrategy: normal, platformName: MAC, proxy: Proxy(), se:cdp: ws://localhost:65211/devtoo..., se:cdpVersion: 107.0.5304.62, setWindowRect: true, strictFileInteractability: false, timeouts: {implicit: 0, pageLoad: 300000, script: 30000}, unhandledPromptBehavior: dismiss and notify, webauthn:extension:credBlob: true, webauthn:extension:largeBlob: true, webauthn:virtualAuthenticators: true}
Session ID: 3c81d4f155c13ce1856c022c6c4dc8cc
at java.base/jdk.internal.reflect.NativeConstructorAccessorImpl.newInstance0(Native Method)
at java.base/jdk.internal.reflect.NativeConstructorAccessorImpl.newInstance(NativeConstructorAccessorImpl.java:77)
at java.base/jdk.internal.reflect.DelegatingConstructorAccessorImpl.newInstance(DelegatingConstructorAccessorImpl.java:45)
at java.base/java.lang.reflect.Constructor.newInstanceWithCaller(Constructor.java:499)
at java.base/java.lang.reflect.Constructor.newInstance(Constructor.java:480)
at org.openqa.selenium.remote.codec.w3c.W3CHttpResponseCodec.createException(W3CHttpResponseCodec.java:200)
at org.openqa.selenium.remote.codec.w3c.W3CHttpResponseCodec.decode(W3CHttpResponseCodec.java:133)
at org.openqa.selenium.remote.codec.w3c.W3CHttpResponseCodec.decode(W3CHttpResponseCodec.java:53)
at org.openqa.selenium.remote.HttpCommandExecutor.execute(HttpCommandExecutor.java:184)
at org.openqa.selenium.remote.service.DriverCommandExecutor.invokeExecute(DriverCommandExecutor.java:167)
at org.openqa.selenium.remote.service.DriverCommandExecutor.execute(DriverCommandExecutor.java:142)
at org.openqa.selenium.remote.RemoteWebDriver.execute(RemoteWebDriver.java:547)
at org.openqa.selenium.remote.ElementLocation$ElementFinder$2.findElement(ElementLocation.java:162)
at org.openqa.selenium.remote.ElementLocation.findElement(ElementLocation.java:60)
at org.openqa.selenium.remote.RemoteWebDriver.findElement(RemoteWebDriver.java:365)
at org.openqa.selenium.remote.RemoteWebDriver.findElement(RemoteWebDriver.java:357)
at org.openqa.selenium.support.pagefactory.DefaultElementLocator.findElement(DefaultElementLocator.java:70)
at org.openqa.selenium.support.pagefactory.internal.LocatingElementHandler.invoke(LocatingElementHandler.java:39)
at jdk.proxy2/jdk.proxy2.$Proxy18.isDisplayed(Unknown Source)
at com.qa.insurance.pages.HomePage.getInfo(HomePage.java:181)
at com.qa.insurance.testcases.HomePageTest.checkInsuranceValue(HomePageTest.java:82)
at java.base/jdk.internal.reflect.NativeMethodAccessorImpl.invoke0(Native Method)
at java.base/jdk.internal.reflect.NativeMethodAccessorImpl.invoke(NativeMethodAccessorImpl.java:77)
at java.base/jdk.internal.reflect.DelegatingMethodAccessorImpl.invoke(DelegatingMethodAccessorImpl.java:43)
at java.base/java.lang.reflect.Method.invoke(Method.java:568)
at org.testng.internal.MethodInvocationHelper.invokeMethod(MethodInvocationHelper.java:133)
at org.testng.internal.TestInvoker.invokeMethod(TestInvoker.java:584)
at org.testng.internal.TestInvoker.invokeTestMethod(TestInvoker.java:172)
at org.testng.internal.MethodRunner.runInSequence(MethodRunner.java:46)
at org.testng.internal.TestInvoker$MethodInvocationAgent.invoke(TestInvoker.java:804)
at org.testng.internal.TestInvoker.invokeTestMethods(TestInvoker.java:145)
at org.testng.internal.TestMethodWorker.invokeTestMethods(TestMethodWorker.java:146)
at org.testng.internal.TestMethodWorker.run(TestMethodWorker.java:128)
at java.base/java.util.concurrent.ThreadPoolExecutor.runWorker(ThreadPoolExecutor.java:1136)
at java.base/java.util.concurrent.ThreadPoolExecutor$Worker.run(ThreadPoolExecutor.java:635)
at java.base/java.lang.Thread.run(Thread.java:833)
]]>
            </full-stacktrace>
          </exception> <!-- org.openqa.selenium.NoSuchElementException -->
          <reporter-output>
          </reporter-output>
        </test-method> <!-- checkInsuranceValue -->
        <test-method signature="checkInsuranceValue(java.lang.String, java.lang.String, java.lang.String, java.lang.String, java.lang.String, java.lang.String, java.lang.String, java.lang.String, java.lang.String, java.lang.String, java.lang.String)[pri:3, instance:com.qa.insurance.testcases.HomePageTest@43015c69]" started-at="2022-10-27T23:25:05 EDT" name="checkInsuranceValue" data-provider="getInsuranceTestData" finished-at="2022-10-27T23:25:13 EDT" depends-on-methods="com.qa.insurance.testcases.HomePageTest.validateSimulateButton" duration-ms="8012" status="FAIL">
          <params>
            <param index="0">
              <value>
                <![CDATA[Mercedes Benz]]>
              </value>
            </param>
            <param index="1">
              <value>
                <![CDATA[Class A]]>
              </value>
            </param>
            <param index="2">
              <value>
                <![CDATA[Petrol]]>
              </value>
            </param>
            <param index="3">
              <value>
                <![CDATA[FALSE]]>
              </value>
            </param>
            <param index="4">
              <value>
                <![CDATA[1870.0]]>
              </value>
            </param>
            <param index="5">
              <value>
                <![CDATA[Tavleen Kour]]>
              </value>
            </param>
            <param index="6">
              <value>
                <![CDATA[08-Apr-2002]]>
              </value>
            </param>
            <param index="7">
              <value>
                <![CDATA[10010.0]]>
              </value>
            </param>
            <param index="8">
              <value>
                <![CDATA[5.0]]>
              </value>
            </param>
            <param index="9">
              <value>
                <![CDATA[FALSE]]>
              </value>
            </param>
            <param index="10">
              <value>
                <![CDATA[TRUE]]>
              </value>
            </param>
          </params>
          <exception class="org.openqa.selenium.NoSuchElementException">
            <message>
              <![CDATA[no such element: Unable to locate element: {"method":"xpath","selector":"//*[@id="fee"]"}
  (Session info: chrome=107.0.5304.62)
For documentation on this error, please visit: https://selenium.dev/exceptions/#no_such_element
Build info: version: '4.4.0', revision: 'e5c75ed026a'
System info: host: 'Tavleens-MacBook-Pro.local', ip: 'fe80:0:0:0:4b:2dac:128e:9009%en0', os.name: 'Mac OS X', os.arch: 'x86_64', os.version: '12.6.1', java.version: '17.0.4.1'
Driver info: org.openqa.selenium.chrome.ChromeDriver
Command: [3c81d4f155c13ce1856c022c6c4dc8cc, findElement {using=xpath, value=//*[@id="fee"]}]
Capabilities {acceptInsecureCerts: false, browserName: chrome, browserVersion: 107.0.5304.62, chrome: {chromedriverVersion: 107.0.5304.62 (1eec40d3a576..., userDataDir: /var/folders/2c/znlm_n9j0jb...}, goog:chromeOptions: {debuggerAddress: localhost:65211}, networkConnectionEnabled: false, pageLoadStrategy: normal, platformName: MAC, proxy: Proxy(), se:cdp: ws://localhost:65211/devtoo..., se:cdpVersion: 107.0.5304.62, setWindowRect: true, strictFileInteractability: false, timeouts: {implicit: 0, pageLoad: 300000, script: 30000}, unhandledPromptBehavior: dismiss and notify, webauthn:extension:credBlob: true, webauthn:extension:largeBlob: true, webauthn:virtualAuthenticators: true}
Session ID: 3c81d4f155c13ce1856c022c6c4dc8cc]]>
            </message>
            <full-stacktrace>
              <![CDATA[org.openqa.selenium.NoSuchElementException: no such element: Unable to locate element: {"method":"xpath","selector":"//*[@id="fee"]"}
  (Session info: chrome=107.0.5304.62)
For documentation on this error, please visit: https://selenium.dev/exceptions/#no_such_element
Build info: version: '4.4.0', revision: 'e5c75ed026a'
System info: host: 'Tavleens-MacBook-Pro.local', ip: 'fe80:0:0:0:4b:2dac:128e:9009%en0', os.name: 'Mac OS X', os.arch: 'x86_64', os.version: '12.6.1', java.version: '17.0.4.1'
Driver info: org.openqa.selenium.chrome.ChromeDriver
Command: [3c81d4f155c13ce1856c022c6c4dc8cc, findElement {using=xpath, value=//*[@id="fee"]}]
Capabilities {acceptInsecureCerts: false, browserName: chrome, browserVersion: 107.0.5304.62, chrome: {chromedriverVersion: 107.0.5304.62 (1eec40d3a576..., userDataDir: /var/folders/2c/znlm_n9j0jb...}, goog:chromeOptions: {debuggerAddress: localhost:65211}, networkConnectionEnabled: false, pageLoadStrategy: normal, platformName: MAC, proxy: Proxy(), se:cdp: ws://localhost:65211/devtoo..., se:cdpVersion: 107.0.5304.62, setWindowRect: true, strictFileInteractability: false, timeouts: {implicit: 0, pageLoad: 300000, script: 30000}, unhandledPromptBehavior: dismiss and notify, webauthn:extension:credBlob: true, webauthn:extension:largeBlob: true, webauthn:virtualAuthenticators: true}
Session ID: 3c81d4f155c13ce1856c022c6c4dc8cc
at java.base/jdk.internal.reflect.NativeConstructorAccessorImpl.newInstance0(Native Method)
at java.base/jdk.internal.reflect.NativeConstructorAccessorImpl.newInstance(NativeConstructorAccessorImpl.java:77)
at java.base/jdk.internal.reflect.DelegatingConstructorAccessorImpl.newInstance(DelegatingConstructorAccessorImpl.java:45)
at java.base/java.lang.reflect.Constructor.newInstanceWithCaller(Constructor.java:499)
at java.base/java.lang.reflect.Constructor.newInstance(Constructor.java:480)
at org.openqa.selenium.remote.codec.w3c.W3CHttpResponseCodec.createException(W3CHttpResponseCodec.java:200)
at org.openqa.selenium.remote.codec.w3c.W3CHttpResponseCodec.decode(W3CHttpResponseCodec.java:133)
at org.openqa.selenium.remote.codec.w3c.W3CHttpResponseCodec.decode(W3CHttpResponseCodec.java:53)
at org.openqa.selenium.remote.HttpCommandExecutor.execute(HttpCommandExecutor.java:184)
at org.openqa.selenium.remote.service.DriverCommandExecutor.invokeExecute(DriverCommandExecutor.java:167)
at org.openqa.selenium.remote.service.DriverCommandExecutor.execute(DriverCommandExecutor.java:142)
at org.openqa.selenium.remote.RemoteWebDriver.execute(RemoteWebDriver.java:547)
at org.openqa.selenium.remote.ElementLocation$ElementFinder$2.findElement(ElementLocation.java:162)
at org.openqa.selenium.remote.ElementLocation.findElement(ElementLocation.java:60)
at org.openqa.selenium.remote.RemoteWebDriver.findElement(RemoteWebDriver.java:365)
at org.openqa.selenium.remote.RemoteWebDriver.findElement(RemoteWebDriver.java:357)
at org.openqa.selenium.support.pagefactory.DefaultElementLocator.findElement(DefaultElementLocator.java:70)
at org.openqa.selenium.support.pagefactory.internal.LocatingElementHandler.invoke(LocatingElementHandler.java:39)
at jdk.proxy2/jdk.proxy2.$Proxy18.isDisplayed(Unknown Source)
at com.qa.insurance.pages.HomePage.getInfo(HomePage.java:181)
at com.qa.insurance.testcases.HomePageTest.checkInsuranceValue(HomePageTest.java:82)
at java.base/jdk.internal.reflect.NativeMethodAccessorImpl.invoke0(Native Method)
at java.base/jdk.internal.reflect.NativeMethodAccessorImpl.invoke(NativeMethodAccessorImpl.java:77)
at java.base/jdk.internal.reflect.DelegatingMethodAccessorImpl.invoke(DelegatingMethodAccessorImpl.java:43)
at java.base/java.lang.reflect.Method.invoke(Method.java:568)
at org.testng.internal.MethodInvocationHelper.invokeMethod(MethodInvocationHelper.java:133)
at org.testng.internal.TestInvoker.invokeMethod(TestInvoker.java:584)
at org.testng.internal.TestInvoker.invokeTestMethod(TestInvoker.java:172)
at org.testng.internal.MethodRunner.runInSequence(MethodRunner.java:46)
at org.testng.internal.TestInvoker$MethodInvocationAgent.invoke(TestInvoker.java:804)
at org.testng.internal.TestInvoker.invokeTestMethods(TestInvoker.java:145)
at org.testng.internal.TestMethodWorker.invokeTestMethods(TestMethodWorker.java:146)
at org.testng.internal.TestMethodWorker.run(TestMethodWorker.java:128)
at java.base/java.util.concurrent.ThreadPoolExecutor.runWorker(ThreadPoolExecutor.java:1136)
at java.base/java.util.concurrent.ThreadPoolExecutor$Worker.run(ThreadPoolExecutor.java:635)
at java.base/java.lang.Thread.run(Thread.java:833)
]]>
            </full-stacktrace>
          </exception> <!-- org.openqa.selenium.NoSuchElementException -->
          <reporter-output>
          </reporter-output>
        </test-method> <!-- checkInsuranceValue -->
        <test-method signature="checkInsuranceValue(java.lang.String, java.lang.String, java.lang.String, java.lang.String, java.lang.String, java.lang.String, java.lang.String, java.lang.String, java.lang.String, java.lang.String, java.lang.String)[pri:3, instance:com.qa.insurance.testcases.HomePageTest@43015c69]" started-at="2022-10-27T23:25:14 EDT" name="checkInsuranceValue" data-provider="getInsuranceTestData" finished-at="2022-10-27T23:25:15 EDT" depends-on-methods="com.qa.insurance.testcases.HomePageTest.validateSimulateButton" duration-ms="1021" status="PASS">
          <params>
            <param index="0">
              <value>
                <![CDATA[Mercedes Benz]]>
              </value>
            </param>
            <param index="1">
              <value>
                <![CDATA[Class A]]>
              </value>
            </param>
            <param index="2">
              <value>
                <![CDATA[Petrol]]>
              </value>
            </param>
            <param index="3">
              <value>
                <![CDATA[FALSE]]>
              </value>
            </param>
            <param index="4">
              <value>
                <![CDATA[1970.0]]>
              </value>
            </param>
            <param index="5">
              <value>
                <![CDATA[Tavleen Kour]]>
              </value>
            </param>
            <param index="6">
              <value>
                <![CDATA[08-Apr-2002]]>
              </value>
            </param>
            <param index="7">
              <value>
                <![CDATA[10010.0]]>
              </value>
            </param>
            <param index="8">
              <value>
                <![CDATA[5.0]]>
              </value>
            </param>
            <param index="9">
              <value>
                <![CDATA[FALSE]]>
              </value>
            </param>
            <param index="10">
              <value>
                <![CDATA[TRUE]]>
              </value>
            </param>
          </params>
          <reporter-output>
          </reporter-output>
        </test-method> <!-- checkInsuranceValue -->
        <test-method signature="checkInsuranceValue(java.lang.String, java.lang.String, java.lang.String, java.lang.String, java.lang.String, java.lang.String, java.lang.String, java.lang.String, java.lang.String, java.lang.String, java.lang.String)[pri:3, instance:com.qa.insurance.testcases.HomePageTest@43015c69]" started-at="2022-10-27T23:25:15 EDT" name="checkInsuranceValue" data-provider="getInsuranceTestData" finished-at="2022-10-27T23:25:16 EDT" depends-on-methods="com.qa.insurance.testcases.HomePageTest.validateSimulateButton" duration-ms="987" status="PASS">
          <params>
            <param index="0">
              <value>
                <![CDATA[Mercedes Benz]]>
              </value>
            </param>
            <param index="1">
              <value>
                <![CDATA[Class A]]>
              </value>
            </param>
            <param index="2">
              <value>
                <![CDATA[Petrol]]>
              </value>
            </param>
            <param index="3">
              <value>
                <![CDATA[TRUE]]>
              </value>
            </param>
            <param index="4">
              <value>
                <![CDATA[0.0]]>
              </value>
            </param>
            <param index="5">
              <value>
                <![CDATA[Tavleen Kour]]>
              </value>
            </param>
            <param index="6">
              <value>
                <![CDATA[10-Jan-2010]]>
              </value>
            </param>
            <param index="7">
              <value>
                <![CDATA[12001.0]]>
              </value>
            </param>
            <param index="8">
              <value>
                <![CDATA[0.0]]>
              </value>
            </param>
            <param index="9">
              <value>
                <![CDATA[TRUE]]>
              </value>
            </param>
            <param index="10">
              <value>
                <![CDATA[FALSE]]>
              </value>
            </param>
          </params>
          <reporter-output>
          </reporter-output>
        </test-method> <!-- checkInsuranceValue -->
        <test-method signature="checkInsuranceValue(java.lang.String, java.lang.String, java.lang.String, java.lang.String, java.lang.String, java.lang.String, java.lang.String, java.lang.String, java.lang.String, java.lang.String, java.lang.String)[pri:3, instance:com.qa.insurance.testcases.HomePageTest@43015c69]" started-at="2022-10-27T23:25:16 EDT" name="checkInsuranceValue" data-provider="getInsuranceTestData" finished-at="2022-10-27T23:25:17 EDT" depends-on-methods="com.qa.insurance.testcases.HomePageTest.validateSimulateButton" duration-ms="900" status="PASS">
          <params>
            <param index="0">
              <value>
                <![CDATA[Mercedes Benz]]>
              </value>
            </param>
            <param index="1">
              <value>
                <![CDATA[Class A]]>
              </value>
            </param>
            <param index="2">
              <value>
                <![CDATA[Petrol]]>
              </value>
            </param>
            <param index="3">
              <value>
                <![CDATA[TRUE]]>
              </value>
            </param>
            <param index="4">
              <value>
                <![CDATA[0.0]]>
              </value>
            </param>
            <param index="5">
              <value>
                <![CDATA[Tavleen Kour]]>
              </value>
            </param>
            <param index="6">
              <value>
                <![CDATA[10-Jan-2010]]>
              </value>
            </param>
            <param index="7">
              <value>
                <![CDATA[12001.0]]>
              </value>
            </param>
            <param index="8">
              <value>
                <![CDATA[0.0]]>
              </value>
            </param>
            <param index="9">
              <value>
                <![CDATA[TRUE]]>
              </value>
            </param>
            <param index="10">
              <value>
                <![CDATA[FALSE]]>
              </value>
            </param>
          </params>
          <reporter-output>
          </reporter-output>
        </test-method> <!-- checkInsuranceValue -->
        <test-method signature="checkInsuranceValue(java.lang.String, java.lang.String, java.lang.String, java.lang.String, java.lang.String, java.lang.String, java.lang.String, java.lang.String, java.lang.String, java.lang.String, java.lang.String)[pri:3, instance:com.qa.insurance.testcases.HomePageTest@43015c69]" started-at="2022-10-27T23:25:17 EDT" name="checkInsuranceValue" data-provider="getInsuranceTestData" finished-at="2022-10-27T23:25:18 EDT" depends-on-methods="com.qa.insurance.testcases.HomePageTest.validateSimulateButton" duration-ms="959" status="PASS">
          <params>
            <param index="0">
              <value>
                <![CDATA[Mercedes Benz]]>
              </value>
            </param>
            <param index="1">
              <value>
                <![CDATA[Class A]]>
              </value>
            </param>
            <param index="2">
              <value>
                <![CDATA[Petrol]]>
              </value>
            </param>
            <param index="3">
              <value>
                <![CDATA[TRUE]]>
              </value>
            </param>
            <param index="4">
              <value>
                <![CDATA[0.0]]>
              </value>
            </param>
            <param index="5">
              <value>
                <![CDATA[Tavleen Kour]]>
              </value>
            </param>
            <param index="6">
              <value>
                <![CDATA[10-Jan-2010]]>
              </value>
            </param>
            <param index="7">
              <value>
                <![CDATA[12001.0]]>
              </value>
            </param>
            <param index="8">
              <value>
                <![CDATA[0.0]]>
              </value>
            </param>
            <param index="9">
              <value>
                <![CDATA[TRUE]]>
              </value>
            </param>
            <param index="10">
              <value>
                <![CDATA[FALSE]]>
              </value>
            </param>
          </params>
          <reporter-output>
          </reporter-output>
        </test-method> <!-- checkInsuranceValue -->
        <test-method signature="checkInsuranceValue(java.lang.String, java.lang.String, java.lang.String, java.lang.String, java.lang.String, java.lang.String, java.lang.String, java.lang.String, java.lang.String, java.lang.String, java.lang.String)[pri:3, instance:com.qa.insurance.testcases.HomePageTest@43015c69]" started-at="2022-10-27T23:25:18 EDT" name="checkInsuranceValue" data-provider="getInsuranceTestData" finished-at="2022-10-27T23:25:18 EDT" depends-on-methods="com.qa.insurance.testcases.HomePageTest.validateSimulateButton" duration-ms="802" status="PASS">
          <params>
            <param index="0">
              <value>
                <![CDATA[Mercedes Benz]]>
              </value>
            </param>
            <param index="1">
              <value>
                <![CDATA[Class A]]>
              </value>
            </param>
            <param index="2">
              <value>
                <![CDATA[Petrol]]>
              </value>
            </param>
            <param index="3">
              <value>
                <![CDATA[TRUE]]>
              </value>
            </param>
            <param index="4">
              <value>
                <![CDATA[0.0]]>
              </value>
            </param>
            <param index="5">
              <value>
                <![CDATA[Tavleen Kour]]>
              </value>
            </param>
            <param index="6">
              <value>
                <![CDATA[30-Sep-2020]]>
              </value>
            </param>
            <param index="7">
              <value>
                <![CDATA[10005.0]]>
              </value>
            </param>
            <param index="8">
              <value>
                <![CDATA[1.0]]>
              </value>
            </param>
            <param index="9">
              <value>
                <![CDATA[TRUE]]>
              </value>
            </param>
            <param index="10">
              <value>
                <![CDATA[FALSE]]>
              </value>
            </param>
          </params>
          <reporter-output>
          </reporter-output>
        </test-method> <!-- checkInsuranceValue -->
        <test-method signature="checkInsuranceValue(java.lang.String, java.lang.String, java.lang.String, java.lang.String, java.lang.String, java.lang.String, java.lang.String, java.lang.String, java.lang.String, java.lang.String, java.lang.String)[pri:3, instance:com.qa.insurance.testcases.HomePageTest@43015c69]" started-at="2022-10-27T23:25:18 EDT" name="checkInsuranceValue" data-provider="getInsuranceTestData" finished-at="2022-10-27T23:25:19 EDT" depends-on-methods="com.qa.insurance.testcases.HomePageTest.validateSimulateButton" duration-ms="802" status="PASS">
          <params>
            <param index="0">
              <value>
                <![CDATA[Mercedes Benz]]>
              </value>
            </param>
            <param index="1">
              <value>
                <![CDATA[Class A]]>
              </value>
            </param>
            <param index="2">
              <value>
                <![CDATA[Petrol]]>
              </value>
            </param>
            <param index="3">
              <value>
                <![CDATA[TRUE]]>
              </value>
            </param>
            <param index="4">
              <value>
                <![CDATA[0.0]]>
              </value>
            </param>
            <param index="5">
              <value>
                <![CDATA[Tavleen Kour]]>
              </value>
            </param>
            <param index="6">
              <value>
                <![CDATA[30-Sep-2020]]>
              </value>
            </param>
            <param index="7">
              <value>
                <![CDATA[10005.0]]>
              </value>
            </param>
            <param index="8">
              <value>
                <![CDATA[1.0]]>
              </value>
            </param>
            <param index="9">
              <value>
                <![CDATA[TRUE]]>
              </value>
            </param>
            <param index="10">
              <value>
                <![CDATA[FALSE]]>
              </value>
            </param>
          </params>
          <reporter-output>
          </reporter-output>
        </test-method> <!-- checkInsuranceValue -->
        <test-method signature="checkInsuranceValue(java.lang.String, java.lang.String, java.lang.String, java.lang.String, java.lang.String, java.lang.String, java.lang.String, java.lang.String, java.lang.String, java.lang.String, java.lang.String)[pri:3, instance:com.qa.insurance.testcases.HomePageTest@43015c69]" started-at="2022-10-27T23:25:19 EDT" name="checkInsuranceValue" data-provider="getInsuranceTestData" finished-at="2022-10-27T23:25:20 EDT" depends-on-methods="com.qa.insurance.testcases.HomePageTest.validateSimulateButton" duration-ms="828" status="PASS">
          <params>
            <param index="0">
              <value>
                <![CDATA[Mercedes Benz]]>
              </value>
            </param>
            <param index="1">
              <value>
                <![CDATA[Class A]]>
              </value>
            </param>
            <param index="2">
              <value>
                <![CDATA[Petrol]]>
              </value>
            </param>
            <param index="3">
              <value>
                <![CDATA[TRUE]]>
              </value>
            </param>
            <param index="4">
              <value>
                <![CDATA[0.0]]>
              </value>
            </param>
            <param index="5">
              <value>
                <![CDATA[Tavleen Kour]]>
              </value>
            </param>
            <param index="6">
              <value>
                <![CDATA[30-Sep-2020]]>
              </value>
            </param>
            <param index="7">
              <value>
                <![CDATA[10005.0]]>
              </value>
            </param>
            <param index="8">
              <value>
                <![CDATA[1.0]]>
              </value>
            </param>
            <param index="9">
              <value>
                <![CDATA[TRUE]]>
              </value>
            </param>
            <param index="10">
              <value>
                <![CDATA[FALSE]]>
              </value>
            </param>
          </params>
          <reporter-output>
          </reporter-output>
        </test-method> <!-- checkInsuranceValue -->
        <test-method signature="checkInsuranceValue(java.lang.String, java.lang.String, java.lang.String, java.lang.String, java.lang.String, java.lang.String, java.lang.String, java.lang.String, java.lang.String, java.lang.String, java.lang.String)[pri:3, instance:com.qa.insurance.testcases.HomePageTest@43015c69]" started-at="2022-10-27T23:25:20 EDT" name="checkInsuranceValue" data-provider="getInsuranceTestData" finished-at="2022-10-27T23:25:21 EDT" depends-on-methods="com.qa.insurance.testcases.HomePageTest.validateSimulateButton" duration-ms="858" status="PASS">
          <params>
            <param index="0">
              <value>
                <![CDATA[Mercedes Benz]]>
              </value>
            </param>
            <param index="1">
              <value>
                <![CDATA[Class A]]>
              </value>
            </param>
            <param index="2">
              <value>
                <![CDATA[Diesel]]>
              </value>
            </param>
            <param index="3">
              <value>
                <![CDATA[FALSE]]>
              </value>
            </param>
            <param index="4">
              <value>
                <![CDATA[2012.0]]>
              </value>
            </param>
            <param index="5">
              <value>
                <![CDATA[Tavleen Kour]]>
              </value>
            </param>
            <param index="6">
              <value>
                <![CDATA[22-Nov-2006]]>
              </value>
            </param>
            <param index="7">
              <value>
                <![CDATA[10004.0]]>
              </value>
            </param>
            <param index="8">
              <value>
                <![CDATA[2.0]]>
              </value>
            </param>
            <param index="9">
              <value>
                <![CDATA[FALSE]]>
              </value>
            </param>
            <param index="10">
              <value>
                <![CDATA[TRUE]]>
              </value>
            </param>
          </params>
          <reporter-output>
          </reporter-output>
        </test-method> <!-- checkInsuranceValue -->
        <test-method signature="checkInsuranceValue(java.lang.String, java.lang.String, java.lang.String, java.lang.String, java.lang.String, java.lang.String, java.lang.String, java.lang.String, java.lang.String, java.lang.String, java.lang.String)[pri:3, instance:com.qa.insurance.testcases.HomePageTest@43015c69]" started-at="2022-10-27T23:25:21 EDT" name="checkInsuranceValue" data-provider="getInsuranceTestData" finished-at="2022-10-27T23:25:22 EDT" depends-on-methods="com.qa.insurance.testcases.HomePageTest.validateSimulateButton" duration-ms="857" status="PASS">
          <params>
            <param index="0">
              <value>
                <![CDATA[Mercedes Benz]]>
              </value>
            </param>
            <param index="1">
              <value>
                <![CDATA[Class A]]>
              </value>
            </param>
            <param index="2">
              <value>
                <![CDATA[Diesel]]>
              </value>
            </param>
            <param index="3">
              <value>
                <![CDATA[FALSE]]>
              </value>
            </param>
            <param index="4">
              <value>
                <![CDATA[2013.0]]>
              </value>
            </param>
            <param index="5">
              <value>
                <![CDATA[Tavleen Kour]]>
              </value>
            </param>
            <param index="6">
              <value>
                <![CDATA[22-Nov-2006]]>
              </value>
            </param>
            <param index="7">
              <value>
                <![CDATA[10004.0]]>
              </value>
            </param>
            <param index="8">
              <value>
                <![CDATA[2.0]]>
              </value>
            </param>
            <param index="9">
              <value>
                <![CDATA[FALSE]]>
              </value>
            </param>
            <param index="10">
              <value>
                <![CDATA[TRUE]]>
              </value>
            </param>
          </params>
          <reporter-output>
          </reporter-output>
        </test-method> <!-- checkInsuranceValue -->
        <test-method signature="checkInsuranceValue(java.lang.String, java.lang.String, java.lang.String, java.lang.String, java.lang.String, java.lang.String, java.lang.String, java.lang.String, java.lang.String, java.lang.String, java.lang.String)[pri:3, instance:com.qa.insurance.testcases.HomePageTest@43015c69]" started-at="2022-10-27T23:25:22 EDT" name="checkInsuranceValue" data-provider="getInsuranceTestData" finished-at="2022-10-27T23:25:23 EDT" depends-on-methods="com.qa.insurance.testcases.HomePageTest.validateSimulateButton" duration-ms="878" status="PASS">
          <params>
            <param index="0">
              <value>
                <![CDATA[Mercedes Benz]]>
              </value>
            </param>
            <param index="1">
              <value>
                <![CDATA[Class A]]>
              </value>
            </param>
            <param index="2">
              <value>
                <![CDATA[Diesel]]>
              </value>
            </param>
            <param index="3">
              <value>
                <![CDATA[FALSE]]>
              </value>
            </param>
            <param index="4">
              <value>
                <![CDATA[2014.0]]>
              </value>
            </param>
            <param index="5">
              <value>
                <![CDATA[Tavleen Kour]]>
              </value>
            </param>
            <param index="6">
              <value>
                <![CDATA[22-Nov-2006]]>
              </value>
            </param>
            <param index="7">
              <value>
                <![CDATA[10004.0]]>
              </value>
            </param>
            <param index="8">
              <value>
                <![CDATA[2.0]]>
              </value>
            </param>
            <param index="9">
              <value>
                <![CDATA[FALSE]]>
              </value>
            </param>
            <param index="10">
              <value>
                <![CDATA[TRUE]]>
              </value>
            </param>
          </params>
          <reporter-output>
          </reporter-output>
        </test-method> <!-- checkInsuranceValue -->
        <test-method signature="checkInsuranceValue(java.lang.String, java.lang.String, java.lang.String, java.lang.String, java.lang.String, java.lang.String, java.lang.String, java.lang.String, java.lang.String, java.lang.String, java.lang.String)[pri:3, instance:com.qa.insurance.testcases.HomePageTest@43015c69]" started-at="2022-10-27T23:25:23 EDT" name="checkInsuranceValue" data-provider="getInsuranceTestData" finished-at="2022-10-27T23:25:23 EDT" depends-on-methods="com.qa.insurance.testcases.HomePageTest.validateSimulateButton" duration-ms="813" status="PASS">
          <params>
            <param index="0">
              <value>
                <![CDATA[Mercedes Benz]]>
              </value>
            </param>
            <param index="1">
              <value>
                <![CDATA[Class A]]>
              </value>
            </param>
            <param index="2">
              <value>
                <![CDATA[Diesel]]>
              </value>
            </param>
            <param index="3">
              <value>
                <![CDATA[FALSE]]>
              </value>
            </param>
            <param index="4">
              <value>
                <![CDATA[2015.0]]>
              </value>
            </param>
            <param index="5">
              <value>
                <![CDATA[Tavleen Kour]]>
              </value>
            </param>
            <param index="6">
              <value>
                <![CDATA[08-Apr-2002]]>
              </value>
            </param>
            <param index="7">
              <value>
                <![CDATA[10010.0]]>
              </value>
            </param>
            <param index="8">
              <value>
                <![CDATA[5.0]]>
              </value>
            </param>
            <param index="9">
              <value>
                <![CDATA[FALSE]]>
              </value>
            </param>
            <param index="10">
              <value>
                <![CDATA[TRUE]]>
              </value>
            </param>
          </params>
          <reporter-output>
          </reporter-output>
        </test-method> <!-- checkInsuranceValue -->
        <test-method signature="checkInsuranceValue(java.lang.String, java.lang.String, java.lang.String, java.lang.String, java.lang.String, java.lang.String, java.lang.String, java.lang.String, java.lang.String, java.lang.String, java.lang.String)[pri:3, instance:com.qa.insurance.testcases.HomePageTest@43015c69]" started-at="2022-10-27T23:25:23 EDT" name="checkInsuranceValue" data-provider="getInsuranceTestData" finished-at="2022-10-27T23:25:24 EDT" depends-on-methods="com.qa.insurance.testcases.HomePageTest.validateSimulateButton" duration-ms="826" status="PASS">
          <params>
            <param index="0">
              <value>
                <![CDATA[Mercedes Benz]]>
              </value>
            </param>
            <param index="1">
              <value>
                <![CDATA[Class A]]>
              </value>
            </param>
            <param index="2">
              <value>
                <![CDATA[Diesel]]>
              </value>
            </param>
            <param index="3">
              <value>
                <![CDATA[FALSE]]>
              </value>
            </param>
            <param index="4">
              <value>
                <![CDATA[2016.0]]>
              </value>
            </param>
            <param index="5">
              <value>
                <![CDATA[Tavleen Kour]]>
              </value>
            </param>
            <param index="6">
              <value>
                <![CDATA[08-Apr-2002]]>
              </value>
            </param>
            <param index="7">
              <value>
                <![CDATA[10010.0]]>
              </value>
            </param>
            <param index="8">
              <value>
                <![CDATA[5.0]]>
              </value>
            </param>
            <param index="9">
              <value>
                <![CDATA[FALSE]]>
              </value>
            </param>
            <param index="10">
              <value>
                <![CDATA[TRUE]]>
              </value>
            </param>
          </params>
          <reporter-output>
          </reporter-output>
        </test-method> <!-- checkInsuranceValue -->
        <test-method signature="checkInsuranceValue(java.lang.String, java.lang.String, java.lang.String, java.lang.String, java.lang.String, java.lang.String, java.lang.String, java.lang.String, java.lang.String, java.lang.String, java.lang.String)[pri:3, instance:com.qa.insurance.testcases.HomePageTest@43015c69]" started-at="2022-10-27T23:25:24 EDT" name="checkInsuranceValue" data-provider="getInsuranceTestData" finished-at="2022-10-27T23:25:25 EDT" depends-on-methods="com.qa.insurance.testcases.HomePageTest.validateSimulateButton" duration-ms="803" status="PASS">
          <params>
            <param index="0">
              <value>
                <![CDATA[Mercedes Benz]]>
              </value>
            </param>
            <param index="1">
              <value>
                <![CDATA[Class A]]>
              </value>
            </param>
            <param index="2">
              <value>
                <![CDATA[Diesel]]>
              </value>
            </param>
            <param index="3">
              <value>
                <![CDATA[FALSE]]>
              </value>
            </param>
            <param index="4">
              <value>
                <![CDATA[2017.0]]>
              </value>
            </param>
            <param index="5">
              <value>
                <![CDATA[Tavleen Kour]]>
              </value>
            </param>
            <param index="6">
              <value>
                <![CDATA[08-Apr-2002]]>
              </value>
            </param>
            <param index="7">
              <value>
                <![CDATA[10010.0]]>
              </value>
            </param>
            <param index="8">
              <value>
                <![CDATA[5.0]]>
              </value>
            </param>
            <param index="9">
              <value>
                <![CDATA[FALSE]]>
              </value>
            </param>
            <param index="10">
              <value>
                <![CDATA[TRUE]]>
              </value>
            </param>
          </params>
          <reporter-output>
          </reporter-output>
        </test-method> <!-- checkInsuranceValue -->
        <test-method signature="checkInsuranceValue(java.lang.String, java.lang.String, java.lang.String, java.lang.String, java.lang.String, java.lang.String, java.lang.String, java.lang.String, java.lang.String, java.lang.String, java.lang.String)[pri:3, instance:com.qa.insurance.testcases.HomePageTest@43015c69]" started-at="2022-10-27T23:25:25 EDT" name="checkInsuranceValue" data-provider="getInsuranceTestData" finished-at="2022-10-27T23:25:26 EDT" depends-on-methods="com.qa.insurance.testcases.HomePageTest.validateSimulateButton" duration-ms="774" status="PASS">
          <params>
            <param index="0">
              <value>
                <![CDATA[Mercedes Benz]]>
              </value>
            </param>
            <param index="1">
              <value>
                <![CDATA[Class A]]>
              </value>
            </param>
            <param index="2">
              <value>
                <![CDATA[Diesel]]>
              </value>
            </param>
            <param index="3">
              <value>
                <![CDATA[TRUE]]>
              </value>
            </param>
            <param index="4">
              <value>
                <![CDATA[0.0]]>
              </value>
            </param>
            <param index="5">
              <value>
                <![CDATA[Tavleen Kour]]>
              </value>
            </param>
            <param index="6">
              <value>
                <![CDATA[10-Jan-2010]]>
              </value>
            </param>
            <param index="7">
              <value>
                <![CDATA[12001.0]]>
              </value>
            </param>
            <param index="8">
              <value>
                <![CDATA[0.0]]>
              </value>
            </param>
            <param index="9">
              <value>
                <![CDATA[TRUE]]>
              </value>
            </param>
            <param index="10">
              <value>
                <![CDATA[FALSE]]>
              </value>
            </param>
          </params>
          <reporter-output>
          </reporter-output>
        </test-method> <!-- checkInsuranceValue -->
        <test-method signature="checkInsuranceValue(java.lang.String, java.lang.String, java.lang.String, java.lang.String, java.lang.String, java.lang.String, java.lang.String, java.lang.String, java.lang.String, java.lang.String, java.lang.String)[pri:3, instance:com.qa.insurance.testcases.HomePageTest@43015c69]" started-at="2022-10-27T23:25:26 EDT" name="checkInsuranceValue" data-provider="getInsuranceTestData" finished-at="2022-10-27T23:25:27 EDT" depends-on-methods="com.qa.insurance.testcases.HomePageTest.validateSimulateButton" duration-ms="804" status="PASS">
          <params>
            <param index="0">
              <value>
                <![CDATA[Mercedes Benz]]>
              </value>
            </param>
            <param index="1">
              <value>
                <![CDATA[Class A]]>
              </value>
            </param>
            <param index="2">
              <value>
                <![CDATA[Diesel]]>
              </value>
            </param>
            <param index="3">
              <value>
                <![CDATA[TRUE]]>
              </value>
            </param>
            <param index="4">
              <value>
                <![CDATA[0.0]]>
              </value>
            </param>
            <param index="5">
              <value>
                <![CDATA[Tavleen Kour]]>
              </value>
            </param>
            <param index="6">
              <value>
                <![CDATA[10-Jan-2010]]>
              </value>
            </param>
            <param index="7">
              <value>
                <![CDATA[12001.0]]>
              </value>
            </param>
            <param index="8">
              <value>
                <![CDATA[0.0]]>
              </value>
            </param>
            <param index="9">
              <value>
                <![CDATA[TRUE]]>
              </value>
            </param>
            <param index="10">
              <value>
                <![CDATA[FALSE]]>
              </value>
            </param>
          </params>
          <reporter-output>
          </reporter-output>
        </test-method> <!-- checkInsuranceValue -->
        <test-method signature="checkInsuranceValue(java.lang.String, java.lang.String, java.lang.String, java.lang.String, java.lang.String, java.lang.String, java.lang.String, java.lang.String, java.lang.String, java.lang.String, java.lang.String)[pri:3, instance:com.qa.insurance.testcases.HomePageTest@43015c69]" started-at="2022-10-27T23:25:27 EDT" name="checkInsuranceValue" data-provider="getInsuranceTestData" finished-at="2022-10-27T23:25:27 EDT" depends-on-methods="com.qa.insurance.testcases.HomePageTest.validateSimulateButton" duration-ms="803" status="PASS">
          <params>
            <param index="0">
              <value>
                <![CDATA[Mercedes Benz]]>
              </value>
            </param>
            <param index="1">
              <value>
                <![CDATA[Class A]]>
              </value>
            </param>
            <param index="2">
              <value>
                <![CDATA[Diesel]]>
              </value>
            </param>
            <param index="3">
              <value>
                <![CDATA[TRUE]]>
              </value>
            </param>
            <param index="4">
              <value>
                <![CDATA[0.0]]>
              </value>
            </param>
            <param index="5">
              <value>
                <![CDATA[Tavleen Kour]]>
              </value>
            </param>
            <param index="6">
              <value>
                <![CDATA[10-Jan-2010]]>
              </value>
            </param>
            <param index="7">
              <value>
                <![CDATA[12001.0]]>
              </value>
            </param>
            <param index="8">
              <value>
                <![CDATA[0.0]]>
              </value>
            </param>
            <param index="9">
              <value>
                <![CDATA[TRUE]]>
              </value>
            </param>
            <param index="10">
              <value>
                <![CDATA[FALSE]]>
              </value>
            </param>
          </params>
          <reporter-output>
          </reporter-output>
        </test-method> <!-- checkInsuranceValue -->
        <test-method signature="checkInsuranceValue(java.lang.String, java.lang.String, java.lang.String, java.lang.String, java.lang.String, java.lang.String, java.lang.String, java.lang.String, java.lang.String, java.lang.String, java.lang.String)[pri:3, instance:com.qa.insurance.testcases.HomePageTest@43015c69]" started-at="2022-10-27T23:25:27 EDT" name="checkInsuranceValue" data-provider="getInsuranceTestData" finished-at="2022-10-27T23:25:28 EDT" depends-on-methods="com.qa.insurance.testcases.HomePageTest.validateSimulateButton" duration-ms="758" status="PASS">
          <params>
            <param index="0">
              <value>
                <![CDATA[Mercedes Benz]]>
              </value>
            </param>
            <param index="1">
              <value>
                <![CDATA[Class A]]>
              </value>
            </param>
            <param index="2">
              <value>
                <![CDATA[Diesel]]>
              </value>
            </param>
            <param index="3">
              <value>
                <![CDATA[TRUE]]>
              </value>
            </param>
            <param index="4">
              <value>
                <![CDATA[0.0]]>
              </value>
            </param>
            <param index="5">
              <value>
                <![CDATA[Tavleen Kour]]>
              </value>
            </param>
            <param index="6">
              <value>
                <![CDATA[30-Sep-2020]]>
              </value>
            </param>
            <param index="7">
              <value>
                <![CDATA[10005.0]]>
              </value>
            </param>
            <param index="8">
              <value>
                <![CDATA[1.0]]>
              </value>
            </param>
            <param index="9">
              <value>
                <![CDATA[TRUE]]>
              </value>
            </param>
            <param index="10">
              <value>
                <![CDATA[FALSE]]>
              </value>
            </param>
          </params>
          <reporter-output>
          </reporter-output>
        </test-method> <!-- checkInsuranceValue -->
        <test-method signature="checkInsuranceValue(java.lang.String, java.lang.String, java.lang.String, java.lang.String, java.lang.String, java.lang.String, java.lang.String, java.lang.String, java.lang.String, java.lang.String, java.lang.String)[pri:3, instance:com.qa.insurance.testcases.HomePageTest@43015c69]" started-at="2022-10-27T23:25:28 EDT" name="checkInsuranceValue" data-provider="getInsuranceTestData" finished-at="2022-10-27T23:25:29 EDT" depends-on-methods="com.qa.insurance.testcases.HomePageTest.validateSimulateButton" duration-ms="759" status="PASS">
          <params>
            <param index="0">
              <value>
                <![CDATA[Mercedes Benz]]>
              </value>
            </param>
            <param index="1">
              <value>
                <![CDATA[Class A]]>
              </value>
            </param>
            <param index="2">
              <value>
                <![CDATA[Diesel]]>
              </value>
            </param>
            <param index="3">
              <value>
                <![CDATA[TRUE]]>
              </value>
            </param>
            <param index="4">
              <value>
                <![CDATA[0.0]]>
              </value>
            </param>
            <param index="5">
              <value>
                <![CDATA[Tavleen Kour]]>
              </value>
            </param>
            <param index="6">
              <value>
                <![CDATA[30-Sep-2020]]>
              </value>
            </param>
            <param index="7">
              <value>
                <![CDATA[10005.0]]>
              </value>
            </param>
            <param index="8">
              <value>
                <![CDATA[1.0]]>
              </value>
            </param>
            <param index="9">
              <value>
                <![CDATA[TRUE]]>
              </value>
            </param>
            <param index="10">
              <value>
                <![CDATA[FALSE]]>
              </value>
            </param>
          </params>
          <reporter-output>
          </reporter-output>
        </test-method> <!-- checkInsuranceValue -->
        <test-method signature="checkInsuranceValue(java.lang.String, java.lang.String, java.lang.String, java.lang.String, java.lang.String, java.lang.String, java.lang.String, java.lang.String, java.lang.String, java.lang.String, java.lang.String)[pri:3, instance:com.qa.insurance.testcases.HomePageTest@43015c69]" started-at="2022-10-27T23:25:29 EDT" name="checkInsuranceValue" data-provider="getInsuranceTestData" finished-at="2022-10-27T23:25:30 EDT" depends-on-methods="com.qa.insurance.testcases.HomePageTest.validateSimulateButton" duration-ms="755" status="PASS">
          <params>
            <param index="0">
              <value>
                <![CDATA[Mercedes Benz]]>
              </value>
            </param>
            <param index="1">
              <value>
                <![CDATA[Class A]]>
              </value>
            </param>
            <param index="2">
              <value>
                <![CDATA[Diesel]]>
              </value>
            </param>
            <param index="3">
              <value>
                <![CDATA[TRUE]]>
              </value>
            </param>
            <param index="4">
              <value>
                <![CDATA[0.0]]>
              </value>
            </param>
            <param index="5">
              <value>
                <![CDATA[Tavleen Kour]]>
              </value>
            </param>
            <param index="6">
              <value>
                <![CDATA[30-Sep-2020]]>
              </value>
            </param>
            <param index="7">
              <value>
                <![CDATA[10005.0]]>
              </value>
            </param>
            <param index="8">
              <value>
                <![CDATA[1.0]]>
              </value>
            </param>
            <param index="9">
              <value>
                <![CDATA[TRUE]]>
              </value>
            </param>
            <param index="10">
              <value>
                <![CDATA[FALSE]]>
              </value>
            </param>
          </params>
          <reporter-output>
          </reporter-output>
        </test-method> <!-- checkInsuranceValue -->
        <test-method signature="checkInsuranceValue(java.lang.String, java.lang.String, java.lang.String, java.lang.String, java.lang.String, java.lang.String, java.lang.String, java.lang.String, java.lang.String, java.lang.String, java.lang.String)[pri:3, instance:com.qa.insurance.testcases.HomePageTest@43015c69]" started-at="2022-10-27T23:25:30 EDT" name="checkInsuranceValue" data-provider="getInsuranceTestData" finished-at="2022-10-27T23:25:30 EDT" depends-on-methods="com.qa.insurance.testcases.HomePageTest.validateSimulateButton" duration-ms="801" status="PASS">
          <params>
            <param index="0">
              <value>
                <![CDATA[Mercedes Benz]]>
              </value>
            </param>
            <param index="1">
              <value>
                <![CDATA[Class B]]>
              </value>
            </param>
            <param index="2">
              <value>
                <![CDATA[Petrol]]>
              </value>
            </param>
            <param index="3">
              <value>
                <![CDATA[FALSE]]>
              </value>
            </param>
            <param index="4">
              <value>
                <![CDATA[2012.0]]>
              </value>
            </param>
            <param index="5">
              <value>
                <![CDATA[Tavleen Kour]]>
              </value>
            </param>
            <param index="6">
              <value>
                <![CDATA[22-Nov-2006]]>
              </value>
            </param>
            <param index="7">
              <value>
                <![CDATA[10004.0]]>
              </value>
            </param>
            <param index="8">
              <value>
                <![CDATA[2.0]]>
              </value>
            </param>
            <param index="9">
              <value>
                <![CDATA[FALSE]]>
              </value>
            </param>
            <param index="10">
              <value>
                <![CDATA[TRUE]]>
              </value>
            </param>
          </params>
          <reporter-output>
          </reporter-output>
        </test-method> <!-- checkInsuranceValue -->
        <test-method signature="checkInsuranceValue(java.lang.String, java.lang.String, java.lang.String, java.lang.String, java.lang.String, java.lang.String, java.lang.String, java.lang.String, java.lang.String, java.lang.String, java.lang.String)[pri:3, instance:com.qa.insurance.testcases.HomePageTest@43015c69]" started-at="2022-10-27T23:25:30 EDT" name="checkInsuranceValue" data-provider="getInsuranceTestData" finished-at="2022-10-27T23:25:31 EDT" depends-on-methods="com.qa.insurance.testcases.HomePageTest.validateSimulateButton" duration-ms="797" status="PASS">
          <params>
            <param index="0">
              <value>
                <![CDATA[Mercedes Benz]]>
              </value>
            </param>
            <param index="1">
              <value>
                <![CDATA[Class B]]>
              </value>
            </param>
            <param index="2">
              <value>
                <![CDATA[Petrol]]>
              </value>
            </param>
            <param index="3">
              <value>
                <![CDATA[FALSE]]>
              </value>
            </param>
            <param index="4">
              <value>
                <![CDATA[2013.0]]>
              </value>
            </param>
            <param index="5">
              <value>
                <![CDATA[Tavleen Kour]]>
              </value>
            </param>
            <param index="6">
              <value>
                <![CDATA[22-Nov-2006]]>
              </value>
            </param>
            <param index="7">
              <value>
                <![CDATA[10004.0]]>
              </value>
            </param>
            <param index="8">
              <value>
                <![CDATA[2.0]]>
              </value>
            </param>
            <param index="9">
              <value>
                <![CDATA[FALSE]]>
              </value>
            </param>
            <param index="10">
              <value>
                <![CDATA[TRUE]]>
              </value>
            </param>
          </params>
          <reporter-output>
          </reporter-output>
        </test-method> <!-- checkInsuranceValue -->
        <test-method signature="checkInsuranceValue(java.lang.String, java.lang.String, java.lang.String, java.lang.String, java.lang.String, java.lang.String, java.lang.String, java.lang.String, java.lang.String, java.lang.String, java.lang.String)[pri:3, instance:com.qa.insurance.testcases.HomePageTest@43015c69]" started-at="2022-10-27T23:25:31 EDT" name="checkInsuranceValue" data-provider="getInsuranceTestData" finished-at="2022-10-27T23:25:32 EDT" depends-on-methods="com.qa.insurance.testcases.HomePageTest.validateSimulateButton" duration-ms="747" status="PASS">
          <params>
            <param index="0">
              <value>
                <![CDATA[Mercedes Benz]]>
              </value>
            </param>
            <param index="1">
              <value>
                <![CDATA[Class B]]>
              </value>
            </param>
            <param index="2">
              <value>
                <![CDATA[Petrol]]>
              </value>
            </param>
            <param index="3">
              <value>
                <![CDATA[FALSE]]>
              </value>
            </param>
            <param index="4">
              <value>
                <![CDATA[2014.0]]>
              </value>
            </param>
            <param index="5">
              <value>
                <![CDATA[Tavleen Kour]]>
              </value>
            </param>
            <param index="6">
              <value>
                <![CDATA[22-Nov-2006]]>
              </value>
            </param>
            <param index="7">
              <value>
                <![CDATA[10004.0]]>
              </value>
            </param>
            <param index="8">
              <value>
                <![CDATA[2.0]]>
              </value>
            </param>
            <param index="9">
              <value>
                <![CDATA[FALSE]]>
              </value>
            </param>
            <param index="10">
              <value>
                <![CDATA[TRUE]]>
              </value>
            </param>
          </params>
          <reporter-output>
          </reporter-output>
        </test-method> <!-- checkInsuranceValue -->
        <test-method signature="checkInsuranceValue(java.lang.String, java.lang.String, java.lang.String, java.lang.String, java.lang.String, java.lang.String, java.lang.String, java.lang.String, java.lang.String, java.lang.String, java.lang.String)[pri:3, instance:com.qa.insurance.testcases.HomePageTest@43015c69]" started-at="2022-10-27T23:25:32 EDT" name="checkInsuranceValue" data-provider="getInsuranceTestData" finished-at="2022-10-27T23:25:33 EDT" depends-on-methods="com.qa.insurance.testcases.HomePageTest.validateSimulateButton" duration-ms="749" status="PASS">
          <params>
            <param index="0">
              <value>
                <![CDATA[Mercedes Benz]]>
              </value>
            </param>
            <param index="1">
              <value>
                <![CDATA[Class B]]>
              </value>
            </param>
            <param index="2">
              <value>
                <![CDATA[Petrol]]>
              </value>
            </param>
            <param index="3">
              <value>
                <![CDATA[FALSE]]>
              </value>
            </param>
            <param index="4">
              <value>
                <![CDATA[2015.0]]>
              </value>
            </param>
            <param index="5">
              <value>
                <![CDATA[Tavleen Kour]]>
              </value>
            </param>
            <param index="6">
              <value>
                <![CDATA[08-Apr-2002]]>
              </value>
            </param>
            <param index="7">
              <value>
                <![CDATA[10010.0]]>
              </value>
            </param>
            <param index="8">
              <value>
                <![CDATA[5.0]]>
              </value>
            </param>
            <param index="9">
              <value>
                <![CDATA[FALSE]]>
              </value>
            </param>
            <param index="10">
              <value>
                <![CDATA[TRUE]]>
              </value>
            </param>
          </params>
          <reporter-output>
          </reporter-output>
        </test-method> <!-- checkInsuranceValue -->
        <test-method signature="checkInsuranceValue(java.lang.String, java.lang.String, java.lang.String, java.lang.String, java.lang.String, java.lang.String, java.lang.String, java.lang.String, java.lang.String, java.lang.String, java.lang.String)[pri:3, instance:com.qa.insurance.testcases.HomePageTest@43015c69]" started-at="2022-10-27T23:25:33 EDT" name="checkInsuranceValue" data-provider="getInsuranceTestData" finished-at="2022-10-27T23:25:34 EDT" depends-on-methods="com.qa.insurance.testcases.HomePageTest.validateSimulateButton" duration-ms="726" status="PASS">
          <params>
            <param index="0">
              <value>
                <![CDATA[Mercedes Benz]]>
              </value>
            </param>
            <param index="1">
              <value>
                <![CDATA[Class B]]>
              </value>
            </param>
            <param index="2">
              <value>
                <![CDATA[Petrol]]>
              </value>
            </param>
            <param index="3">
              <value>
                <![CDATA[FALSE]]>
              </value>
            </param>
            <param index="4">
              <value>
                <![CDATA[2016.0]]>
              </value>
            </param>
            <param index="5">
              <value>
                <![CDATA[Tavleen Kour]]>
              </value>
            </param>
            <param index="6">
              <value>
                <![CDATA[08-Apr-2002]]>
              </value>
            </param>
            <param index="7">
              <value>
                <![CDATA[10010.0]]>
              </value>
            </param>
            <param index="8">
              <value>
                <![CDATA[5.0]]>
              </value>
            </param>
            <param index="9">
              <value>
                <![CDATA[FALSE]]>
              </value>
            </param>
            <param index="10">
              <value>
                <![CDATA[TRUE]]>
              </value>
            </param>
          </params>
          <reporter-output>
          </reporter-output>
        </test-method> <!-- checkInsuranceValue -->
        <test-method signature="checkInsuranceValue(java.lang.String, java.lang.String, java.lang.String, java.lang.String, java.lang.String, java.lang.String, java.lang.String, java.lang.String, java.lang.String, java.lang.String, java.lang.String)[pri:3, instance:com.qa.insurance.testcases.HomePageTest@43015c69]" started-at="2022-10-27T23:25:34 EDT" name="checkInsuranceValue" data-provider="getInsuranceTestData" finished-at="2022-10-27T23:25:34 EDT" depends-on-methods="com.qa.insurance.testcases.HomePageTest.validateSimulateButton" duration-ms="782" status="PASS">
          <params>
            <param index="0">
              <value>
                <![CDATA[Mercedes Benz]]>
              </value>
            </param>
            <param index="1">
              <value>
                <![CDATA[Class B]]>
              </value>
            </param>
            <param index="2">
              <value>
                <![CDATA[Petrol]]>
              </value>
            </param>
            <param index="3">
              <value>
                <![CDATA[FALSE]]>
              </value>
            </param>
            <param index="4">
              <value>
                <![CDATA[2017.0]]>
              </value>
            </param>
            <param index="5">
              <value>
                <![CDATA[Tavleen Kour]]>
              </value>
            </param>
            <param index="6">
              <value>
                <![CDATA[08-Apr-2002]]>
              </value>
            </param>
            <param index="7">
              <value>
                <![CDATA[10010.0]]>
              </value>
            </param>
            <param index="8">
              <value>
                <![CDATA[5.0]]>
              </value>
            </param>
            <param index="9">
              <value>
                <![CDATA[FALSE]]>
              </value>
            </param>
            <param index="10">
[...]
          <params>
            <param index="0">
              <value>
                <![CDATA[Mercedes Benz]]>
              </value>
            </param>
            <param index="1">
              <value>
                <![CDATA[Class B]]>
              </value>
            </param>
            <param index="2">
              <value>
                <![CDATA[Diesel]]>
              </value>
            </param>
            <param index="3">
              <value>
                <![CDATA[FALSE]]>
              </value>
            </param>
            <param index="4">
              <value>
                <![CDATA[2015.0]]>
              </value>
            </param>
            <param index="5">
              <value>
                <![CDATA[Tavleen Kour]]>
              </value>
            </param>
            <param index="6">
              <value>
                <![CDATA[08-Apr-2002]]>
              </value>
            </param>
            <param index="7">
              <value>
                <![CDATA[10010.0]]>
              </value>
            </param>
            <param index="8">
              <value>
                <![CDATA[5.0]]>
              </value>
            </param>
            <param index="9">
              <value>
                <![CDATA[FALSE]]>
              </value>
            </param>
            <param index="10">
              <value>
                <![CDATA[TRUE]]>
              </value>
            </param>
          </params>
          <reporter-output>
          </reporter-output>
        </test-method> <!-- checkInsuranceValue -->
        <test-method signature="checkInsuranceValue(java.lang.String, java.lang.String, java.lang.String, java.lang.String, java.lang.String, java.lang.String, java.lang.String, java.lang.String, java.lang.String, java.lang.String, java.lang.String)[pri:3, instance:com.qa.insurance.testcases.HomePageTest@43015c69]" started-at="2022-10-27T23:25:42 EDT" name="checkInsuranceValue" data-provider="getInsuranceTestData" finished-at="2022-10-27T23:25:42 EDT" depends-on-methods="com.qa.insurance.testcases.HomePageTest.validateSimulateButton" duration-ms="720" status="PASS">
          <params>
            <param index="0">
              <value>
                <![CDATA[Mercedes Benz]]>
              </value>
            </param>
            <param index="1">
              <value>
                <![CDATA[Class B]]>
              </value>
            </param>
            <param index="2">
              <value>
                <![CDATA[Diesel]]>
              </value>
            </param>
            <param index="3">
              <value>
                <![CDATA[FALSE]]>
              </value>
            </param>
            <param index="4">
              <value>
                <![CDATA[2016.0]]>
              </value>
            </param>
            <param index="5">
              <value>
                <![CDATA[Tavleen Kour]]>
              </value>
            </param>
            <param index="6">
              <value>
                <![CDATA[08-Apr-2002]]>
              </value>
            </param>
            <param index="7">
              <value>
                <![CDATA[10010.0]]>
              </value>
            </param>
            <param index="8">
              <value>
                <![CDATA[5.0]]>
              </value>
            </param>
            <param index="9">
              <value>
                <![CDATA[FALSE]]>
              </value>
            </param>
            <param index="10">
              <value>
                <![CDATA[TRUE]]>
              </value>
            </param>
          </params>
          <reporter-output>
          </reporter-output>
        </test-method> <!-- checkInsuranceValue -->
        <test-method signature="checkInsuranceValue(java.lang.String, java.lang.String, java.lang.String, java.lang.String, java.lang.String, java.lang.String, java.lang.String, java.lang.String, java.lang.String, java.lang.String, java.lang.String)[pri:3, instance:com.qa.insurance.testcases.HomePageTest@43015c69]" started-at="2022-10-27T23:25:42 EDT" name="checkInsuranceValue" data-provider="getInsuranceTestData" finished-at="2022-10-27T23:25:43 EDT" depends-on-methods="com.qa.insurance.testcases.HomePageTest.validateSimulateButton" duration-ms="754" status="PASS">
          <params>
            <param index="0">
              <value>
                <![CDATA[Mercedes Benz]]>
              </value>
            </param>
            <param index="1">
              <value>
                <![CDATA[Class B]]>
              </value>
            </param>
            <param index="2">
              <value>
                <![CDATA[Diesel]]>
              </value>
            </param>
            <param index="3">
              <value>
                <![CDATA[FALSE]]>
              </value>
            </param>
            <param index="4">
              <value>
                <![CDATA[2017.0]]>
              </value>
            </param>
            <param index="5">
              <value>
                <![CDATA[Tavleen Kour]]>
              </value>
            </param>
            <param index="6">
              <value>
                <![CDATA[08-Apr-2002]]>
              </value>
            </param>
            <param index="7">
              <value>
                <![CDATA[10010.0]]>
              </value>
            </param>
            <param index="8">
              <value>
                <![CDATA[5.0]]>
              </value>
            </param>
            <param index="9">
              <value>
                <![CDATA[FALSE]]>
              </value>
            </param>
            <param index="10">
              <value>
                <![CDATA[TRUE]]>
              </value>
            </param>
          </params>
          <reporter-output>
          </reporter-output>
        </test-method> <!-- checkInsuranceValue -->
        <test-method signature="checkInsuranceValue(java.lang.String, java.lang.String, java.lang.String, java.lang.String, java.lang.String, java.lang.String, java.lang.String, java.lang.String, java.lang.String, java.lang.String, java.lang.String)[pri:3, instance:com.qa.insurance.testcases.HomePageTest@43015c69]" started-at="2022-10-27T23:25:43 EDT" name="checkInsuranceValue" data-provider="getInsuranceTestData" finished-at="2022-10-27T23:25:44 EDT" depends-on-methods="com.qa.insurance.testcases.HomePageTest.validateSimulateButton" duration-ms="730" status="PASS">
          <params>
            <param index="0">
              <value>
                <![CDATA[Mercedes Benz]]>
              </value>
            </param>
            <param index="1">
              <value>
                <![CDATA[Class B]]>
              </value>
            </param>
            <param index="2">
              <value>
                <![CDATA[Diesel]]>
              </value>
            </param>
            <param index="3">
              <value>
                <![CDATA[TRUE]]>
              </value>
            </param>
            <param index="4">
              <value>
                <![CDATA[0.0]]>
              </value>
            </param>
            <param index="5">
              <value>
                <![CDATA[Tavleen Kour]]>
              </value>
            </param>
            <param index="6">
              <value>
                <![CDATA[10-Jan-2010]]>
              </value>
            </param>
            <param index="7">
              <value>
                <![CDATA[12001.0]]>
              </value>
            </param>
            <param index="8">
              <value>
                <![CDATA[0.0]]>
              </value>
            </param>
            <param index="9">
              <value>
                <![CDATA[TRUE]]>
              </value>
            </param>
            <param index="10">
              <value>
                <![CDATA[FALSE]]>
              </value>
            </param>
          </params>
          <reporter-output>
          </reporter-output>
        </test-method> <!-- checkInsuranceValue -->
        <test-method signature="checkInsuranceValue(java.lang.String, java.lang.String, java.lang.String, java.lang.String, java.lang.String, java.lang.String, java.lang.String, java.lang.String, java.lang.String, java.lang.String, java.lang.String)[pri:3, instance:com.qa.insurance.testcases.HomePageTest@43015c69]" started-at="2022-10-27T23:25:44 EDT" name="checkInsuranceValue" data-provider="getInsuranceTestData" finished-at="2022-10-27T23:25:45 EDT" depends-on-methods="com.qa.insurance.testcases.HomePageTest.validateSimulateButton" duration-ms="733" status="PASS">
          <params>
            <param index="0">
              <value>
                <![CDATA[Mercedes Benz]]>
              </value>
            </param>
            <param index="1">
              <value>
                <![CDATA[Class B]]>
              </value>
            </param>
            <param index="2">
              <value>
                <![CDATA[Diesel]]>
              </value>
            </param>
            <param index="3">
              <value>
                <![CDATA[TRUE]]>
              </value>
            </param>
            <param index="4">
              <value>
                <![CDATA[0.0]]>
              </value>
            </param>
            <param index="5">
              <value>
                <![CDATA[Tavleen Kour]]>
              </value>
            </param>
            <param index="6">
              <value>
                <![CDATA[10-Jan-2010]]>
              </value>
            </param>
            <param index="7">
              <value>
                <![CDATA[12001.0]]>
              </value>
            </param>
            <param index="8">
              <value>
                <![CDATA[0.0]]>
              </value>
            </param>
            <param index="9">
              <value>
                <![CDATA[TRUE]]>
              </value>
            </param>
            <param index="10">
              <value>
                <![CDATA[FALSE]]>
              </value>
            </param>
          </params>
          <reporter-output>
          </reporter-output>
        </test-method> <!-- checkInsuranceValue -->
        <test-method signature="checkInsuranceValue(java.lang.String, java.lang.String, java.lang.String, java.lang.String, java.lang.String, java.lang.String, java.lang.String, java.lang.String, java.lang.String, java.lang.String, java.lang.String)[pri:3, instance:com.qa.insurance.testcases.HomePageTest@43015c69]" started-at="2022-10-27T23:25:45 EDT" name="checkInsuranceValue" data-provider="getInsuranceTestData" finished-at="2022-10-27T23:25:45 EDT" depends-on-methods="com.qa.insurance.testcases.HomePageTest.validateSimulateButton" duration-ms="727" status="PASS">
          <params>
            <param index="0">
              <value>
                <![CDATA[Mercedes Benz]]>
              </value>
            </param>
            <param index="1">
              <value>
                <![CDATA[Class B]]>
              </value>
            </param>
            <param index="2">
              <value>
                <![CDATA[Diesel]]>
              </value>
            </param>
            <param index="3">
              <value>
                <![CDATA[TRUE]]>
              </value>
            </param>
            <param index="4">
              <value>
                <![CDATA[0.0]]>
              </value>
            </param>
            <param index="5">
              <value>
                <![CDATA[Tavleen Kour]]>
              </value>
            </param>
            <param index="6">
              <value>
                <![CDATA[10-Jan-2010]]>
              </value>
            </param>
            <param index="7">
              <value>
                <![CDATA[12001.0]]>
              </value>
            </param>
            <param index="8">
              <value>
                <![CDATA[0.0]]>
              </value>
            </param>
            <param index="9">
              <value>
                <![CDATA[TRUE]]>
              </value>
            </param>
            <param index="10">
              <value>
                <![CDATA[FALSE]]>
              </value>
            </param>
          </params>
          <reporter-output>
          </reporter-output>
        </test-method> <!-- checkInsuranceValue -->
        <test-method signature="checkInsuranceValue(java.lang.String, java.lang.String, java.lang.String, java.lang.String, java.lang.String, java.lang.String, java.lang.String, java.lang.String, java.lang.String, java.lang.String, java.lang.String)[pri:3, instance:com.qa.insurance.testcases.HomePageTest@43015c69]" started-at="2022-10-27T23:25:45 EDT" name="checkInsuranceValue" data-provider="getInsuranceTestData" finished-at="2022-10-27T23:25:46 EDT" depends-on-methods="com.qa.insurance.testcases.HomePageTest.validateSimulateButton" duration-ms="740" status="PASS">
          <params>
            <param index="0">
              <value>
                <![CDATA[Mercedes Benz]]>
              </value>
            </param>
            <param index="1">
              <value>
                <![CDATA[Class B]]>
              </value>
            </param>
            <param index="2">
              <value>
                <![CDATA[Diesel]]>
              </value>
            </param>
            <param index="3">
              <value>
                <![CDATA[TRUE]]>
              </value>
            </param>
            <param index="4">
              <value>
                <![CDATA[0.0]]>
              </value>
            </param>
            <param index="5">
              <value>
                <![CDATA[Tavleen Kour]]>
              </value>
            </param>
            <param index="6">
              <value>
                <![CDATA[30-Sep-2020]]>
              </value>
            </param>
            <param index="7">
              <value>
                <![CDATA[10005.0]]>
              </value>
            </param>
            <param index="8">
              <value>
                <![CDATA[1.0]]>
              </value>
            </param>
            <param index="9">
              <value>
                <![CDATA[TRUE]]>
              </value>
            </param>
            <param index="10">
              <value>
                <![CDATA[FALSE]]>
              </value>
            </param>
          </params>
          <reporter-output>
          </reporter-output>
        </test-method> <!-- checkInsuranceValue -->
        <test-method signature="checkInsuranceValue(java.lang.String, java.lang.String, java.lang.String, java.lang.String, java.lang.String, java.lang.String, java.lang.String, java.lang.String, java.lang.String, java.lang.String, java.lang.String)[pri:3, instance:com.qa.insurance.testcases.HomePageTest@43015c69]" started-at="2022-10-27T23:25:46 EDT" name="checkInsuranceValue" data-provider="getInsuranceTestData" finished-at="2022-10-27T23:25:47 EDT" depends-on-methods="com.qa.insurance.testcases.HomePageTest.validateSimulateButton" duration-ms="713" status="PASS">
          <params>
            <param index="0">
              <value>
                <![CDATA[Mercedes Benz]]>
              </value>
            </param>
            <param index="1">
              <value>
                <![CDATA[Class B]]>
              </value>
            </param>
            <param index="2">
              <value>
                <![CDATA[Diesel]]>
              </value>
            </param>
            <param index="3">
              <value>
                <![CDATA[TRUE]]>
              </value>
            </param>
            <param index="4">
              <value>
                <![CDATA[0.0]]>
              </value>
            </param>
            <param index="5">
              <value>
                <![CDATA[Tavleen Kour]]>
              </value>
            </param>
            <param index="6">
              <value>
                <![CDATA[30-Sep-2020]]>
              </value>
            </param>
            <param index="7">
              <value>
                <![CDATA[10005.0]]>
              </value>
            </param>
            <param index="8">
              <value>
                <![CDATA[1.0]]>
              </value>
            </param>
            <param index="9">
              <value>
                <![CDATA[TRUE]]>
              </value>
            </param>
            <param index="10">
              <value>
                <![CDATA[FALSE]]>
              </value>
            </param>
          </params>
          <reporter-output>
          </reporter-output>
        </test-method> <!-- checkInsuranceValue -->
        <test-method signature="checkInsuranceValue(java.lang.String, java.lang.String, java.lang.String, java.lang.String, java.lang.String, java.lang.String, java.lang.String, java.lang.String, java.lang.String, java.lang.String, java.lang.String)[pri:3, instance:com.qa.insurance.testcases.HomePageTest@43015c69]" started-at="2022-10-27T23:25:47 EDT" name="checkInsuranceValue" data-provider="getInsuranceTestData" finished-at="2022-10-27T23:25:48 EDT" depends-on-methods="com.qa.insurance.testcases.HomePageTest.validateSimulateButton" duration-ms="710" status="PASS">
          <params>
            <param index="0">
              <value>
                <![CDATA[Mercedes Benz]]>
              </value>
            </param>
            <param index="1">
              <value>
                <![CDATA[Class B]]>
              </value>
            </param>
            <param index="2">
              <value>
                <![CDATA[Diesel]]>
              </value>
            </param>
            <param index="3">
              <value>
                <![CDATA[TRUE]]>
              </value>
            </param>
            <param index="4">
              <value>
                <![CDATA[0.0]]>
              </value>
            </param>
            <param index="5">
              <value>
                <![CDATA[Tavleen Kour]]>
              </value>
            </param>
            <param index="6">
              <value>
                <![CDATA[30-Sep-2020]]>
              </value>
            </param>
            <param index="7">
              <value>
                <![CDATA[10005.0]]>
              </value>
            </param>
            <param index="8">
              <value>
                <![CDATA[1.0]]>
              </value>
            </param>
            <param index="9">
              <value>
                <![CDATA[TRUE]]>
              </value>
            </param>
            <param index="10">
              <value>
                <![CDATA[FALSE]]>
              </value>
            </param>
          </params>
          <reporter-output>
          </reporter-output>
        </test-method> <!-- checkInsuranceValue -->
        <test-method is-config="true" signature="tearDown()[pri:0, instance:com.qa.insurance.testcases.HomePageTest@43015c69]" started-at="2022-10-27T23:25:48 EDT" name="tearDown" finished-at="2022-10-27T23:25:48 EDT" duration-ms="122" status="PASS">
          <reporter-output>
          </reporter-output>
        </test-method> <!-- tearDown -->
      </class> <!-- com.qa.insurance.testcases.HomePageTest -->
    </test> <!-- Insurance Simulator Test -->
  </suite> <!-- Insurance Simulator Regression Suite -->
</testng-results>
